2025-03-03 03:38:04.108: [INFO] VisibilityChanged: 0
2025-03-03 03:38:04.146: [INFO] RecordSyncInitDurationhas_sync_been_enabled: 0 state: 0
2025-03-03 03:38:04.146: [INFO] RecordSyncInitDurationhas_sync_been_enabled: 0 state: 0
2025-03-03 03:38:04.147: [INFO] RecordSyncInitDurationhas_sync_been_enabled: 0 state: 0
2025-03-03 03:38:04.147: [INFO] RecordSyncInitDurationhas_sync_been_enabled: 0 state: 0
2025-03-03 03:38:04.147: [INFO] RecordSyncInitDurationhas_sync_been_enabled: 0 state: 0
2025-03-03 03:38:04.147: [INFO] RecordSyncInitDurationhas_sync_been_enabled: 0 state: 0
2025-03-03 03:38:04.147: [INFO] RecordSyncInitDurationhas_sync_been_enabled: 0 state: 0
2025-03-03 03:38:04.147: [INFO] RecordSyncInitDurationhas_sync_been_enabled: 0 state: 0
2025-03-03 03:38:04.147: [INFO] RecordSyncInitDurationhas_sync_been_enabled: 0 state: 0
2025-03-03 03:38:04.147: [INFO] RecordSyncInitDurationhas_sync_been_enabled: 0 state: 0
2025-03-03 03:38:04.147: [INFO] RecordSyncInitDurationhas_sync_been_enabled: 0 state: 0
2025-03-03 03:38:04.153: [INFO] BookmarkModelLoaded, ids_reassigned: 0
2025-03-03 03:38:04.153: [INFO] OnDoneLoading sync enabled: 0
2025-03-03 03:38:04.184: [INFO] RecordSyncInitDurationhas_sync_been_enabled: 0 state: 0
2025-03-03 03:38:04.794: [INFO] Primary account changed.
2025-03-03 03:38:04.794: [INFO] OnPrimaryAccountChangedPrimaryAccountChangeEvent::Type::kSet
2025-03-03 03:38:04.795: [INFO] RecordSyncInitDurationhas_sync_been_enabled: 0 state: 3
2025-03-03 03:38:04.796: [INFO] RecordSyncInitDurationhas_sync_been_enabled: 0 state: 3
2025-03-03 03:38:09.113: [INFO] VisibilityChanged: 1
2025-03-03 03:38:09.591: [INFO] BookmarkNodeAdded, ABU: 0
2025-03-03 03:38:09.591: [INFO] BookmarkNodeAdded, ABU: 0
2025-03-03 03:38:09.591: [INFO] BookmarkNodeAdded, ABU: 0
2025-03-03 03:38:09.592: [INFO] BookmarkNodeAdded, ABU: 0
2025-03-03 03:38:09.592: [INFO] BookmarkNodeAdded, ABU: 0
2025-03-03 03:38:09.592: [INFO] BookmarkNodeAdded, ABU: 0
2025-03-03 03:38:09.592: [INFO] BookmarkNodeAdded, ABU: 0
2025-03-03 03:38:09.592: [INFO] BookmarkNodeAdded, ABU: 0
2025-03-03 03:38:09.592: [INFO] BookmarkNodeAdded, ABU: 0
2025-03-03 03:38:09.592: [INFO] BookmarkNodeAdded, ABU: 0
2025-03-03 03:38:09.592: [INFO] BookmarkNodeAdded, ABU: 0
2025-03-03 03:38:09.592: [INFO] BookmarkNodeAdded, ABU: 0
2025-03-03 03:38:09.592: [INFO] BookmarkNodeAdded, ABU: 0
2025-03-03 03:38:09.592: [INFO] BookmarkNodeAdded, ABU: 0
2025-03-03 03:38:09.592: [INFO] BookmarkNodeAdded, ABU: 0
2025-03-03 03:38:09.592: [INFO] BookmarkNodeAdded, ABU: 0
2025-03-03 03:38:09.592: [INFO] BookmarkNodeAdded, ABU: 0
2025-03-03 03:38:09.592: [INFO] BookmarkNodeAdded, ABU: 0
2025-03-03 03:38:09.592: [INFO] BookmarkNodeAdded, ABU: 0
2025-03-03 03:38:09.592: [INFO] BookmarkNodeAdded, ABU: 0
2025-03-03 03:38:09.592: [INFO] BookmarkNodeAdded, ABU: 0
2025-03-03 03:38:09.592: [INFO] BookmarkNodeAdded, ABU: 0
2025-03-03 03:38:09.592: [INFO] BookmarkNodeAdded, ABU: 0
2025-03-03 03:38:09.592: [INFO] BookmarkNodeAdded, ABU: 0
2025-03-03 03:38:09.592: [INFO] BookmarkNodeAdded, ABU: 0
2025-03-03 03:38:09.592: [INFO] BookmarkNodeAdded, ABU: 0
2025-03-03 03:38:09.592: [INFO] BookmarkNodeAdded, ABU: 0
2025-03-03 03:38:09.592: [INFO] BookmarkNodeAdded, ABU: 0
2025-03-03 03:38:09.592: [INFO] BookmarkNodeAdded, ABU: 0
2025-03-03 03:38:09.592: [INFO] BookmarkNodeAdded, ABU: 0
2025-03-03 03:38:09.592: [INFO] BookmarkNodeAdded, ABU: 0
2025-03-03 03:38:09.592: [INFO] BookmarkNodeAdded, ABU: 0
2025-03-03 03:38:09.592: [INFO] BookmarkNodeAdded, ABU: 0
2025-03-03 03:38:09.592: [INFO] BookmarkNodeAdded, ABU: 0
2025-03-03 03:38:09.592: [INFO] BookmarkNodeAdded, ABU: 0
2025-03-03 03:38:09.592: [INFO] BookmarkNodeAdded, ABU: 0
2025-03-03 03:38:09.592: [INFO] BookmarkNodeAdded, ABU: 0
2025-03-03 03:38:09.592: [INFO] BookmarkNodeAdded, ABU: 0
2025-03-03 03:38:09.592: [INFO] BookmarkNodeAdded, ABU: 0
2025-03-03 03:38:09.592: [INFO] BookmarkNodeAdded, ABU: 0
2025-03-03 03:38:09.592: [INFO] BookmarkNodeAdded, ABU: 0
2025-03-03 03:38:09.592: [INFO] BookmarkNodeAdded, ABU: 0
2025-03-03 03:38:09.592: [INFO] BookmarkNodeAdded, ABU: 0
2025-03-03 03:38:09.592: [INFO] BookmarkNodeAdded, ABU: 0
2025-03-03 03:38:09.593: [INFO] BookmarkNodeAdded, ABU: 0
2025-03-03 03:38:09.593: [INFO] BookmarkNodeAdded, ABU: 0
2025-03-03 03:38:09.593: [INFO] BookmarkNodeAdded, ABU: 0
2025-03-03 03:38:09.593: [INFO] BookmarkNodeAdded, ABU: 0
2025-03-03 03:38:09.593: [INFO] BookmarkNodeAdded, ABU: 0
2025-03-03 03:38:09.593: [INFO] BookmarkNodeAdded, ABU: 0
2025-03-03 03:38:09.593: [INFO] BookmarkNodeAdded, ABU: 0
2025-03-03 03:38:09.593: [INFO] BookmarkNodeAdded, ABU: 0
2025-03-03 03:38:09.593: [INFO] BookmarkNodeAdded, ABU: 0
2025-03-03 03:38:09.593: [INFO] BookmarkNodeAdded, ABU: 0
2025-03-03 03:38:09.593: [INFO] BookmarkNodeAdded, ABU: 0
2025-03-03 03:38:09.593: [INFO] BookmarkNodeAdded, ABU: 0
2025-03-03 03:38:09.593: [INFO] BookmarkNodeAdded, ABU: 0
2025-03-03 03:38:09.593: [INFO] BookmarkNodeAdded, ABU: 0
2025-03-03 03:38:09.593: [INFO] BookmarkNodeAdded, ABU: 0
2025-03-03 03:38:09.593: [INFO] BookmarkNodeAdded, ABU: 0
2025-03-03 03:38:09.593: [INFO] BookmarkNodeAdded, ABU: 0
2025-03-03 03:38:09.593: [INFO] BookmarkNodeAdded, ABU: 0
2025-03-03 03:38:09.593: [INFO] BookmarkNodeAdded, ABU: 0
2025-03-03 03:38:09.593: [INFO] BookmarkNodeAdded, ABU: 0
2025-03-03 03:38:09.593: [INFO] BookmarkNodeAdded, ABU: 0
2025-03-03 03:38:09.593: [INFO] BookmarkNodeAdded, ABU: 0
2025-03-03 03:38:09.593: [INFO] BookmarkNodeAdded, ABU: 0
2025-03-03 03:38:09.593: [INFO] BookmarkNodeAdded, ABU: 0
2025-03-03 03:38:09.593: [INFO] BookmarkNodeAdded, ABU: 0
2025-03-03 03:38:09.593: [INFO] BookmarkNodeAdded, ABU: 0
2025-03-03 03:38:09.593: [INFO] BookmarkNodeAdded, ABU: 0
2025-03-03 03:38:09.593: [INFO] BookmarkNodeAdded, ABU: 0
2025-03-03 03:38:09.593: [INFO] BookmarkNodeAdded, ABU: 0
2025-03-03 03:38:09.593: [INFO] BookmarkNodeAdded, ABU: 0
2025-03-03 03:38:09.593: [INFO] BookmarkNodeAdded, ABU: 0
2025-03-03 03:38:09.593: [INFO] BookmarkNodeAdded, ABU: 0
2025-03-03 03:38:09.593: [INFO] BookmarkNodeAdded, ABU: 0
2025-03-03 03:38:09.594: [INFO] BookmarkNodeAdded, ABU: 0
2025-03-03 03:38:09.594: [INFO] BookmarkNodeAdded, ABU: 0
2025-03-03 03:38:09.594: [INFO] BookmarkNodeAdded, ABU: 0
2025-03-03 03:38:09.594: [INFO] BookmarkNodeAdded, ABU: 0
2025-03-03 03:38:09.594: [INFO] BookmarkNodeAdded, ABU: 0
2025-03-03 03:38:09.594: [INFO] BookmarkNodeAdded, ABU: 0
2025-03-03 03:38:09.594: [INFO] BookmarkNodeAdded, ABU: 0
2025-03-03 03:38:09.594: [INFO] BookmarkNodeAdded, ABU: 0
2025-03-03 03:38:09.594: [INFO] BookmarkNodeAdded, ABU: 0
2025-03-03 03:38:09.594: [INFO] BookmarkNodeAdded, ABU: 0
2025-03-03 03:38:09.594: [INFO] BookmarkNodeAdded, ABU: 0
2025-03-03 03:38:09.594: [INFO] BookmarkNodeAdded, ABU: 0
2025-03-03 03:38:09.594: [INFO] BookmarkNodeAdded, ABU: 0
2025-03-03 03:38:09.594: [INFO] BookmarkNodeAdded, ABU: 0
2025-03-03 03:38:09.594: [INFO] BookmarkNodeAdded, ABU: 0
2025-03-03 03:38:09.594: [INFO] BookmarkNodeAdded, ABU: 0
2025-03-03 03:38:09.594: [INFO] BookmarkNodeAdded, ABU: 0
2025-03-03 03:38:09.594: [INFO] BookmarkNodeAdded, ABU: 0
2025-03-03 03:38:09.594: [INFO] BookmarkNodeAdded, ABU: 0
2025-03-03 03:38:09.594: [INFO] BookmarkNodeAdded, ABU: 0
2025-03-03 03:38:09.594: [INFO] BookmarkNodeAdded, ABU: 0
2025-03-03 03:38:09.594: [INFO] BookmarkNodeAdded, ABU: 0
2025-03-03 03:38:09.594: [INFO] BookmarkNodeAdded, ABU: 0
2025-03-03 03:38:09.594: [INFO] BookmarkNodeAdded, ABU: 0
2025-03-03 03:38:09.594: [INFO] BookmarkNodeAdded, ABU: 0
2025-03-03 03:38:09.594: [INFO] BookmarkNodeAdded, ABU: 0
2025-03-03 03:38:09.595: [INFO] BookmarkNodeAdded, ABU: 0
2025-03-03 03:38:09.595: [INFO] BookmarkNodeAdded, ABU: 0
2025-03-03 03:38:09.595: [INFO] BookmarkNodeAdded, ABU: 0
2025-03-03 03:38:09.595: [INFO] BookmarkNodeAdded, ABU: 0
2025-03-03 03:38:09.595: [INFO] BookmarkNodeAdded, ABU: 0
2025-03-03 03:38:09.595: [INFO] BookmarkNodeAdded, ABU: 0
2025-03-03 03:38:09.595: [INFO] BookmarkNodeAdded, ABU: 0
2025-03-03 03:38:09.595: [INFO] BookmarkNodeAdded, ABU: 0
2025-03-03 03:38:09.595: [INFO] BookmarkNodeAdded, ABU: 0
2025-03-03 03:38:09.595: [INFO] BookmarkNodeAdded, ABU: 0
2025-03-03 03:38:09.595: [INFO] BookmarkNodeAdded, ABU: 0
2025-03-03 03:38:09.595: [INFO] BookmarkNodeAdded, ABU: 0
2025-03-03 03:38:11.168: [INFO] Sync initialization duration: 6270ms
2025-03-03 03:38:31.395: [INFO] VisibilityChanged: 0
2025-03-11 02:50:53.609: [INFO] VisibilityChanged: 0
2025-03-11 02:50:53.635: [INFO] RecordSyncInitDurationhas_sync_been_enabled: 0 state: 0
2025-03-11 02:50:53.635: [INFO] RecordSyncInitDurationhas_sync_been_enabled: 0 state: 0
2025-03-11 02:50:53.635: [INFO] RecordSyncInitDurationhas_sync_been_enabled: 0 state: 0
2025-03-11 02:50:53.635: [INFO] RecordSyncInitDurationhas_sync_been_enabled: 0 state: 0
2025-03-11 02:50:53.635: [INFO] RecordSyncInitDurationhas_sync_been_enabled: 0 state: 0
2025-03-11 02:50:53.635: [INFO] RecordSyncInitDurationhas_sync_been_enabled: 0 state: 0
2025-03-11 02:50:53.635: [INFO] RecordSyncInitDurationhas_sync_been_enabled: 0 state: 0
2025-03-11 02:50:53.636: [INFO] RecordSyncInitDurationhas_sync_been_enabled: 0 state: 0
2025-03-11 02:50:53.636: [INFO] RecordSyncInitDurationhas_sync_been_enabled: 0 state: 0
2025-03-11 02:50:53.636: [INFO] RecordSyncInitDurationhas_sync_been_enabled: 0 state: 0
2025-03-11 02:50:53.636: [INFO] RecordSyncInitDurationhas_sync_been_enabled: 0 state: 0
2025-03-11 02:50:53.648: [INFO] BookmarkModelLoaded, ids_reassigned: 0
2025-03-11 02:50:53.648: [INFO] OnDoneLoading sync enabled: 0
2025-03-11 02:50:53.651: [INFO] RecordSyncInitDurationhas_sync_been_enabled: 0 state: 0
2025-03-11 02:50:53.911: [INFO] RecordSyncInitDurationhas_sync_been_enabled: 0 state: 3
2025-03-11 02:50:53.917: [INFO] Primary account changed.
2025-03-11 02:50:53.917: [INFO] OnPrimaryAccountChangedPrimaryAccountChangeEvent::Type::kSet
2025-03-11 02:50:53.919: [INFO] RecordSyncInitDurationhas_sync_been_enabled: 0 state: 3
2025-03-11 02:50:54.105: [INFO] RecordSyncInitDurationhas_sync_been_enabled: 0 state: 3
2025-03-11 02:51:05.970: [INFO] VisibilityChanged: 1
2025-03-11 02:51:08.392: [INFO] Sync initialization duration: 14157ms
2025-03-11 02:51:23.089: [INFO] VisibilityChanged: 0
2025-03-13 03:55:31.250: [INFO] OnDoneLoading sync enabled: 1
2025-03-13 03:55:34.583: [INFO] Sync initialization duration: 3234ms
2025-03-13 04:10:00.261: [INFO] VisibilityChanged: 0
2025-03-13 04:10:05.118: [INFO] OnDoneLoading sync enabled: 1
2025-03-13 04:10:07.704: [INFO] Sync initialization duration: 2457ms
2025-03-13 04:10:12.401: [INFO] VisibilityChanged: 0
2025-03-13 04:27:10.897: [INFO] OnDoneLoading sync enabled: 1
2025-03-20 07:36:56.056: [INFO] OnDoneLoading sync enabled: 1
2025-03-20 07:36:59.177: [INFO] Sync initialization duration: 2982ms
2025-03-20 07:37:02.403: [INFO] VisibilityChanged: 0
2025-03-20 07:38:08.445: [INFO] OnDoneLoading sync enabled: 1
2025-03-20 07:38:13.215: [INFO] Sync initialization duration: 4651ms
2025-03-20 07:40:35.420: [INFO] VisibilityChanged: 0
2025-03-20 07:44:53.731: [INFO] OnDoneLoading sync enabled: 1
2025-03-20 07:44:56.176: [INFO] Sync initialization duration: 2261ms
2025-03-20 07:46:13.898: [INFO] VisibilityChanged: 0
