{"logTime": "0303/033806", "correlationVector":"jjHS3Diw8BLLeUS/8KOE0d.1","action":"SyncServerConnectionManagerRequest", "result":"SYNC_SERVER_OK", "context":{"environment":"Prod_southeastasia_prod-s01-065-apac-southeastasia", "migrationStage":"NotStarted", "server":"akswtt00500001a"}}
{"logTime": "0303/033806", "correlationVector":"jjHS3Diw8BLLeUS/8KOE0d.2","action":"ProcessGetUpdates", "result":"Done", "context":{"dataType":"Encryption Keys", "deleted":"0", "process_failed_to_decrypt":"0", "process_pending_decryption":"0", "process_success":"1", "total":"1"}}
{"logTime": "0303/033807", "correlationVector":"Uc+Xol14mbXoSzAb4ATwha","action":"SyncServerConnectionManagerRequest", "result":"SYNC_SERVER_OK", "context":{"environment":"", "migrationStage":"", "server":""}}
{"logTime": "0303/033807", "correlationVector":"jjHS3Diw8BLLeUS/8KOE0d","action":"Initial GetUpdates", "result":"", "context":Reason: NEW_CLIENT. cV=jjHS3Diw8BLLeUS/8KOE0d}
{"logTime": "0303/033807", "correlationVector":"jjHS3Diw8BLLeUS/8KOE0d.3","action":"GetUpdates Response", "result":"Success", "context":Received 1 update(s). cV=jjHS3Diw8BLLeUS/8KOE0d.0;server=akswtt00500001a;cloudType=Consumer;environment=Prod_southeastasia_prod-s01-065-apac-southeastasia;migrationStage=NotStarted}
{"logTime": "0303/033807", "correlationVector":"tsw3YobimP0lcpS7ed9Xiz","action":"Initial GetUpdates", "result":"", "context":Reason: NEWLY_SUPPORTED_DATATYPE. cV=tsw3YobimP0lcpS7ed9Xiz}
{"logTime": "0303/033808", "correlationVector":"tsw3YobimP0lcpS7ed9Xiz.1","action":"SyncServerConnectionManagerRequest", "result":"SYNC_SERVER_OK", "context":{"environment":"Prod_southeastasia_prod-s01-064-apac-southeastasia", "migrationStage":"NotStarted", "server":"akswtt00500000k"}}
{"logTime": "0303/033808", "correlationVector":"tsw3YobimP0lcpS7ed9Xiz.2","action":"ProcessGetUpdates", "result":"Done", "context":{"dataType":"Preferences", "deleted":"0", "process_failed_to_decrypt":"0", "process_pending_decryption":"0", "process_success":"105", "total":"105"}}
{"logTime": "0303/033808", "correlationVector":"tsw3YobimP0lcpS7ed9Xiz.3","action":"ProcessGetUpdates", "result":"Done", "context":{"dataType":"Passwords", "deleted":"10", "process_failed_to_decrypt":"0", "process_pending_decryption":"0", "process_success":"130", "total":"130"}}
{"logTime": "0303/033808", "correlationVector":"tsw3YobimP0lcpS7ed9Xiz.4","action":"ProcessGetUpdates", "result":"Done", "context":{"dataType":"Device Info", "deleted":"0", "process_failed_to_decrypt":"0", "process_pending_decryption":"0", "process_success":"15", "total":"15"}}
{"logTime": "0303/033808", "correlationVector":"tsw3YobimP0lcpS7ed9Xiz.5","action":"GetUpdates Response", "result":"Success", "context":Received 250 update(s). cV=tsw3YobimP0lcpS7ed9Xiz.0;server=akswtt00500000k;cloudType=Consumer;environment=Prod_southeastasia_prod-s01-064-apac-southeastasia;migrationStage=NotStarted Some updates remain.}
{"logTime": "0303/033808", "correlationVector":"T1sUpZWM4RonP4YHaerpzd","action":"Initial GetUpdates", "result":"", "context":Reason: NEWLY_SUPPORTED_DATATYPE. cV=T1sUpZWM4RonP4YHaerpzd}
{"logTime": "0303/033809", "correlationVector":"T1sUpZWM4RonP4YHaerpzd.1","action":"SyncServerConnectionManagerRequest", "result":"SYNC_SERVER_OK", "context":{"environment":"Prod_southeastasia_prod-s01-064-apac-southeastasia", "migrationStage":"NotStarted", "server":"akswtt005000026"}}
{"logTime": "0303/033809", "correlationVector":"T1sUpZWM4RonP4YHaerpzd.2","action":"ProcessGetUpdates", "result":"Done", "context":{"dataType":"Preferences", "deleted":"0", "process_failed_to_decrypt":"0", "process_pending_decryption":"0", "process_success":"1", "total":"1"}}
{"logTime": "0303/033809", "correlationVector":"T1sUpZWM4RonP4YHaerpzd.3","action":"ProcessGetUpdates", "result":"Done", "context":{"dataType":"Device Info", "deleted":"0", "process_failed_to_decrypt":"0", "process_pending_decryption":"0", "process_success":"1", "total":"1"}}
{"logTime": "0303/033809", "correlationVector":"T1sUpZWM4RonP4YHaerpzd.4","action":"GetUpdates Response", "result":"Success", "context":Received 2 update(s). cV=T1sUpZWM4RonP4YHaerpzd.0;server=akswtt005000026;cloudType=Consumer;environment=Prod_southeastasia_prod-s01-064-apac-southeastasia;migrationStage=NotStarted}
{"logTime": "0303/033809", "correlationVector":"ePn1OELu3kWtcngg/O8738","action":"Initial GetUpdates", "result":"", "context":Reason: NEWLY_SUPPORTED_DATATYPE. cV=ePn1OELu3kWtcngg/O8738}
{"logTime": "0303/033809", "correlationVector":"ePn1OELu3kWtcngg/O8738.1","action":"SyncServerConnectionManagerRequest", "result":"SYNC_SERVER_OK", "context":{"environment":"Prod_southeastasia_prod-s01-064-apac-southeastasia", "migrationStage":"NotStarted", "server":"akswtt00500001j"}}
{"logTime": "0303/033809", "correlationVector":"ePn1OELu3kWtcngg/O8738.2","action":"ProcessGetUpdates", "result":"Done", "context":{"dataType":"Bookmarks", "deleted":"1", "process_failed_to_decrypt":"0", "process_pending_decryption":"0", "process_success":"121", "total":"121"}}
{"logTime": "0303/033809", "correlationVector":"ePn1OELu3kWtcngg/O8738.3","action":"GetUpdates Response", "result":"Success", "context":Received 121 update(s). cV=ePn1OELu3kWtcngg/O8738.0;server=akswtt00500001j;cloudType=Consumer;environment=Prod_southeastasia_prod-s01-064-apac-southeastasia;migrationStage=NotStarted}
{"logTime": "0303/033809", "correlationVector":"yLXuzcozPZqRUhmiAmePaF","action":"Initial GetUpdates", "result":"", "context":Reason: NEWLY_SUPPORTED_DATATYPE. cV=yLXuzcozPZqRUhmiAmePaF}
{"logTime": "0303/033810", "correlationVector":"yLXuzcozPZqRUhmiAmePaF.1","action":"SyncServerConnectionManagerRequest", "result":"SYNC_SERVER_OK", "context":{"environment":"Prod_southeastasia_prod-s01-064-apac-southeastasia", "migrationStage":"NotStarted", "server":"akswtt00500000x"}}
{"logTime": "0303/033810", "correlationVector":"yLXuzcozPZqRUhmiAmePaF.2","action":"ProcessGetUpdates", "result":"Done", "context":{"dataType":"Autofill Profiles", "deleted":"1", "process_failed_to_decrypt":"0", "process_pending_decryption":"0", "process_success":"1", "total":"1"}}
{"logTime": "0303/033810", "correlationVector":"yLXuzcozPZqRUhmiAmePaF.3","action":"ProcessGetUpdates", "result":"Done", "context":{"dataType":"Autofill", "deleted":"0", "process_failed_to_decrypt":"0", "process_pending_decryption":"0", "process_success":"1", "total":"1"}}
{"logTime": "0303/033810", "correlationVector":"yLXuzcozPZqRUhmiAmePaF.4","action":"ProcessGetUpdates", "result":"Done", "context":{"dataType":"Extensions", "deleted":"0", "process_failed_to_decrypt":"0", "process_pending_decryption":"0", "process_success":"26", "total":"26"}}
{"logTime": "0303/033810", "correlationVector":"yLXuzcozPZqRUhmiAmePaF.5","action":"ProcessGetUpdates", "result":"Done", "context":{"dataType":"Sessions", "deleted":"162", "process_failed_to_decrypt":"0", "process_pending_decryption":"0", "process_success":"162", "total":"162"}}
{"logTime": "0303/033810", "correlationVector":"yLXuzcozPZqRUhmiAmePaF.6","action":"ProcessGetUpdates", "result":"Done", "context":{"dataType":"Extension settings", "deleted":"0", "process_failed_to_decrypt":"0", "process_pending_decryption":"0", "process_success":"39", "total":"39"}}
{"logTime": "0303/033810", "correlationVector":"yLXuzcozPZqRUhmiAmePaF.7","action":"ProcessGetUpdates", "result":"Done", "context":{"dataType":"Edge Hub App Usage", "deleted":"18", "process_failed_to_decrypt":"0", "process_pending_decryption":"0", "process_success":"21", "total":"21"}}
{"logTime": "0303/033810", "correlationVector":"yLXuzcozPZqRUhmiAmePaF.8","action":"GetUpdates Response", "result":"Success", "context":Received 250 update(s). cV=yLXuzcozPZqRUhmiAmePaF.0;server=akswtt00500000x;cloudType=Consumer;environment=Prod_southeastasia_prod-s01-064-apac-southeastasia;migrationStage=NotStarted Some updates remain.}
{"logTime": "0303/033810", "correlationVector":"kbzS5kvMMTw0Lign3NWqQC","action":"Initial GetUpdates", "result":"", "context":Reason: NEWLY_SUPPORTED_DATATYPE. cV=kbzS5kvMMTw0Lign3NWqQC}
{"logTime": "0303/033811", "correlationVector":"kbzS5kvMMTw0Lign3NWqQC.1","action":"SyncServerConnectionManagerRequest", "result":"SYNC_SERVER_OK", "context":{"environment":"Prod_southeastasia_prod-s01-064-apac-southeastasia", "migrationStage":"NotStarted", "server":"akswtt005000014"}}
{"logTime": "0303/033811", "correlationVector":"kbzS5kvMMTw0Lign3NWqQC.2","action":"ProcessGetUpdates", "result":"Done", "context":{"dataType":"Autofill Profiles", "deleted":"0", "process_failed_to_decrypt":"0", "process_pending_decryption":"0", "process_success":"3", "total":"3"}}
{"logTime": "0303/033811", "correlationVector":"kbzS5kvMMTw0Lign3NWqQC.3","action":"ProcessGetUpdates", "result":"Done", "context":{"dataType":"Autofill", "deleted":"0", "process_failed_to_decrypt":"0", "process_pending_decryption":"0", "process_success":"114", "total":"114"}}
{"logTime": "0303/033811", "correlationVector":"kbzS5kvMMTw0Lign3NWqQC.4","action":"ProcessGetUpdates", "result":"Done", "context":{"dataType":"Extensions", "deleted":"0", "process_failed_to_decrypt":"0", "process_pending_decryption":"0", "process_success":"4", "total":"4"}}
{"logTime": "0303/033811", "correlationVector":"kbzS5kvMMTw0Lign3NWqQC.5","action":"ProcessGetUpdates", "result":"Done", "context":{"dataType":"Sessions", "deleted":"37", "process_failed_to_decrypt":"0", "process_pending_decryption":"0", "process_success":"43", "total":"43"}}
{"logTime": "0303/033811", "correlationVector":"kbzS5kvMMTw0Lign3NWqQC.6","action":"ProcessGetUpdates", "result":"Done", "context":{"dataType":"Extension settings", "deleted":"0", "process_failed_to_decrypt":"0", "process_pending_decryption":"0", "process_success":"1", "total":"1"}}
{"logTime": "0303/033811", "correlationVector":"kbzS5kvMMTw0Lign3NWqQC.7","action":"GetUpdates Response", "result":"Success", "context":Received 165 update(s). cV=kbzS5kvMMTw0Lign3NWqQC.0;server=akswtt005000014;cloudType=Consumer;environment=Prod_southeastasia_prod-s01-064-apac-southeastasia;migrationStage=NotStarted}
{"logTime": "0303/033811", "correlationVector":"kdnUL3Tfn3SPM1Qv2dEYtL","action":"Initial GetUpdates", "result":"", "context":Reason: NEWLY_SUPPORTED_DATATYPE. cV=kdnUL3Tfn3SPM1Qv2dEYtL}
{"logTime": "0303/033812", "correlationVector":"kdnUL3Tfn3SPM1Qv2dEYtL.1","action":"SyncServerConnectionManagerRequest", "result":"SYNC_SERVER_OK", "context":{"environment":"Prod_southeastasia_prod-s01-064-apac-southeastasia", "migrationStage":"NotStarted", "server":"akswtt00500002u"}}
{"logTime": "0303/033812", "correlationVector":"kdnUL3Tfn3SPM1Qv2dEYtL.2","action":"ProcessGetUpdates", "result":"Done", "context":{"dataType":"History", "deleted":"0", "process_failed_to_decrypt":"0", "process_pending_decryption":"0", "process_success":"250", "total":"250"}}
{"logTime": "0303/033812", "correlationVector":"kdnUL3Tfn3SPM1Qv2dEYtL.3","action":"GetUpdates Response", "result":"Success", "context":Received 250 update(s). cV=kdnUL3Tfn3SPM1Qv2dEYtL.0;server=akswtt00500002u;cloudType=Consumer;environment=Prod_southeastasia_prod-s01-064-apac-southeastasia;migrationStage=NotStarted Some updates remain.}
{"logTime": "0303/033812", "correlationVector":"c7gB+NWlOAtAlQuFc9F1Co","action":"Initial GetUpdates", "result":"", "context":Reason: NEWLY_SUPPORTED_DATATYPE. cV=c7gB+NWlOAtAlQuFc9F1Co}
{"logTime": "0303/033812", "correlationVector":"c7gB+NWlOAtAlQuFc9F1Co.1","action":"SyncServerConnectionManagerRequest", "result":"SYNC_SERVER_OK", "context":{"environment":"Prod_southeastasia_prod-s01-064-apac-southeastasia", "migrationStage":"NotStarted", "server":"akswtt00500000x"}}
{"logTime": "0303/033812", "correlationVector":"c7gB+NWlOAtAlQuFc9F1Co.2","action":"ProcessGetUpdates", "result":"Done", "context":{"dataType":"History", "deleted":"0", "process_failed_to_decrypt":"0", "process_pending_decryption":"0", "process_success":"250", "total":"250"}}
{"logTime": "0303/033812", "correlationVector":"c7gB+NWlOAtAlQuFc9F1Co.3","action":"GetUpdates Response", "result":"Success", "context":Received 250 update(s). cV=c7gB+NWlOAtAlQuFc9F1Co.0;server=akswtt00500000x;cloudType=Consumer;environment=Prod_southeastasia_prod-s01-064-apac-southeastasia;migrationStage=NotStarted Some updates remain.}
{"logTime": "0303/033812", "correlationVector":"I2N+vLdPrgPBMRl8k4ddws","action":"Initial GetUpdates", "result":"", "context":Reason: NEWLY_SUPPORTED_DATATYPE. cV=I2N+vLdPrgPBMRl8k4ddws}
{"logTime": "0303/033813", "correlationVector":"I2N+vLdPrgPBMRl8k4ddws.1","action":"SyncServerConnectionManagerRequest", "result":"SYNC_SERVER_OK", "context":{"environment":"Prod_southeastasia_prod-s01-064-apac-southeastasia", "migrationStage":"NotStarted", "server":"akswtt005000033"}}
{"logTime": "0303/033813", "correlationVector":"I2N+vLdPrgPBMRl8k4ddws.2","action":"ProcessGetUpdates", "result":"Done", "context":{"dataType":"History", "deleted":"0", "process_failed_to_decrypt":"0", "process_pending_decryption":"0", "process_success":"52", "total":"52"}}
{"logTime": "0303/033813", "correlationVector":"I2N+vLdPrgPBMRl8k4ddws.3","action":"GetUpdates Response", "result":"Success", "context":Received 52 update(s). cV=I2N+vLdPrgPBMRl8k4ddws.0;server=akswtt005000033;cloudType=Consumer;environment=Prod_southeastasia_prod-s01-064-apac-southeastasia;migrationStage=NotStarted}
{"logTime": "0303/033813", "correlationVector":"Cl/zycuvj1L5v7knfCIQrP","action":"Normal GetUpdate request", "result":"", "context":cV=Cl/zycuvj1L5v7knfCIQrP
Nudged types: Sessions, Device Info, User Consents
Refresh requested types: Bookmarks, Preferences, Passwords, Autofill Profiles, Autofill, Extensions, Sessions, Extension settings, History Delete Directives, Device Info, User Consents, Send Tab To Self, Web Apps, History, Collection, Edge E Drop, Edge Hub App Usage, Edge Tab Group, Edge Wallet, Encryption Keys}
{"logTime": "0303/033814", "correlationVector":"Cl/zycuvj1L5v7knfCIQrP.1","action":"SyncServerConnectionManagerRequest", "result":"SYNC_SERVER_OK", "context":{"environment":"Prod_southeastasia_prod-s01-064-apac-southeastasia", "migrationStage":"NotStarted", "server":"akswtt00500003q"}}
{"logTime": "0303/033814", "correlationVector":"Cl/zycuvj1L5v7knfCIQrP.2","action":"GetUpdates Response", "result":"Success", "context":Received 0 update(s). cV=Cl/zycuvj1L5v7knfCIQrP.0;server=akswtt00500003q;cloudType=Consumer;environment=Prod_southeastasia_prod-s01-064-apac-southeastasia;migrationStage=NotStarted}
{"logTime": "0303/033814", "correlationVector":"7m6KW3OIk9dOtxvx5eUGUz","action":"DoCompareDataConsistency requsted types: ", "result":"Bookmarks, Preferences, Passwords, Extensions, Extension settings, History Delete Directives, Send Tab To Self, Web Apps, History, Collection, Edge E Drop, Edge Tab Group, Edge Wallet, Encryption Keys"}
{"logTime": "0303/033814", "correlationVector":"7m6KW3OIk9dOtxvx5eUGUz.0","action":"CompareDataConsistency result: ", "result":"Compare result: Encryption Keys is consistent. local entities count is: 1 local entities hash is: nBue8IlJfQYOGBz11hV2bQxnE5w="}
{"logTime": "0303/033814", "correlationVector":"7m6KW3OIk9dOtxvx5eUGUz.1","action":"CompareDataConsistency result: ", "result":"Compare result: Bookmarks is consistent. local entities count is: 115 local entities hash is: iKxW/n8qpZzBY1Z/0GYM7e1d/2w="}
{"logTime": "0303/033814", "correlationVector":"7m6KW3OIk9dOtxvx5eUGUz.2","action":"CompareDataConsistency result: ", "result":"Compare result: Preferences is consistent. local entities count is: 106 local entities hash is: 7VL4X1Lcl0qoDLCi8wttOHbzwdk="}
{"logTime": "0303/033814", "correlationVector":"7m6KW3OIk9dOtxvx5eUGUz.3","action":"CompareDataConsistency result: ", "result":"Compare result: Extensions is consistent. local entities count is: 30 local entities hash is: Jp9fsiyvs7+hoNKBJVRjs+Sq9X0="}
{"logTime": "0303/033814", "correlationVector":"7m6KW3OIk9dOtxvx5eUGUz.4","action":"CompareDataConsistency result: ", "result":"Compare result: Extension settings is consistent. local entities count is: 40 local entities hash is: T2D3IhaLo5pzEPzd41BZD0Zbwrw="}
{"logTime": "0303/033814", "correlationVector":"7m6KW3OIk9dOtxvx5eUGUz.5","action":"CompareDataConsistency result: ", "result":"Compare result: History Delete Directives is consistent. local entities count is: 0 local entities hash is: "}
{"logTime": "0303/033814", "correlationVector":"7m6KW3OIk9dOtxvx5eUGUz.6","action":"CompareDataConsistency result: ", "result":"Server did not send this Send Tab To Self local entities count is: 0 local entities hash is: "}
{"logTime": "0303/033814", "correlationVector":"7m6KW3OIk9dOtxvx5eUGUz.7","action":"CompareDataConsistency result: ", "result":"Compare result: Web Apps is consistent. local entities count is: 0 local entities hash is: "}
{"logTime": "0303/033814", "correlationVector":"7m6KW3OIk9dOtxvx5eUGUz.8","action":"CompareDataConsistency result: ", "result":"Server did not send this History local entities count is: 0 local entities hash is: "}
{"logTime": "0303/033814", "correlationVector":"7m6KW3OIk9dOtxvx5eUGUz.9","action":"CompareDataConsistency result: ", "result":"Compare result: Collection is consistent. local entities count is: 0 local entities hash is: "}
{"logTime": "0303/033814", "correlationVector":"7m6KW3OIk9dOtxvx5eUGUz.10","action":"CompareDataConsistency result: ", "result":"Compare result: Edge E Drop is consistent. local entities count is: 0 local entities hash is: "}
{"logTime": "0303/033814", "correlationVector":"7m6KW3OIk9dOtxvx5eUGUz.11","action":"CompareDataConsistency result: ", "result":"Compare result: Edge Tab Group is consistent. local entities count is: 0 local entities hash is: "}
{"logTime": "0303/033814", "correlationVector":"7m6KW3OIk9dOtxvx5eUGUz.12","action":"CompareDataConsistency result: ", "result":"Compare result: Edge Wallet is consistent. local entities count is: 0 local entities hash is: "}
{"logTime": "0303/033814", "correlationVector":"7m6KW3OIk9dOtxvx5eUGUz.13","action":"CompareDataConsistency result: ", "result":"Compare result: Passwords is consistent. local entities count is: 120 local entities hash is: n4q5EZ9uz+qJEJHIuGi10m5n2AI="}
{"logTime": "0303/033814", "correlationVector":"6nRC5remZGeZaczAUubeZt","action":"Commit Request", "result":"", "context":Item count: 5
Contributing types: Sessions, Device Info, User Consents}
{"logTime": "0303/033815", "correlationVector":"6nRC5remZGeZaczAUubeZt.1","action":"SyncServerConnectionManagerRequest", "result":"SYNC_SERVER_OK", "context":{"environment":"Prod_southeastasia_prod-s01-064-apac-southeastasia", "migrationStage":"NotStarted", "server":"akswtt00500000j"}}
{"logTime": "0303/033815", "correlationVector":"6nRC5remZGeZaczAUubeZt.2","action":"Commit Response", "result":"Success", "context":Result: Success. cV=6nRC5remZGeZaczAUubeZt.0;server=akswtt00500000j;cloudType=Consumer;environment=Prod_southeastasia_prod-s01-064-apac-southeastasia;migrationStage=NotStarted}
{"logTime": "0303/033815", "correlationVector":"","action":"DIAGNOSTIC_REQUEST|v1/diagnosticData/Diagnostic.SendCheckResult()|SUCCESS", "result":""}
{"logTime": "0303/033819", "correlationVector":"24tDwkNgZ3Zxg1vYY9DsKr","action":"Commit Request", "result":"", "context":Item count: 1
Contributing types: Preferences}
{"logTime": "0303/033820", "correlationVector":"24tDwkNgZ3Zxg1vYY9DsKr.1","action":"SyncServerConnectionManagerRequest", "result":"SYNC_SERVER_OK", "context":{"environment":"Prod_southeastasia_prod-s01-064-apac-southeastasia", "migrationStage":"NotStarted", "server":"akswtt00500002u"}}
{"logTime": "0303/033820", "correlationVector":"24tDwkNgZ3Zxg1vYY9DsKr.2","action":"Commit Response", "result":"Success", "context":Result: Success. cV=24tDwkNgZ3Zxg1vYY9DsKr.0;server=akswtt00500002u;cloudType=Consumer;environment=Prod_southeastasia_prod-s01-064-apac-southeastasia;migrationStage=NotStarted}
{"logTime": "0311/025103", "correlationVector":"4xeWn/EA6tIJoC/yg+75en.1","action":"SyncServerConnectionManagerRequest", "result":"SYNC_SERVER_OK", "context":{"environment":"Prod_southeastasia_prod-s01-065-apac-southeastasia", "migrationStage":"NotStarted", "server":"akswtt005000000"}}
{"logTime": "0311/025103", "correlationVector":"4xeWn/EA6tIJoC/yg+75en.2","action":"ProcessGetUpdates", "result":"Done", "context":{"dataType":"Encryption Keys", "deleted":"0", "process_failed_to_decrypt":"0", "process_pending_decryption":"0", "process_success":"1", "total":"1"}}
{"logTime": "0311/025103", "correlationVector":"dQJnmEgL8cwAVe7Vw8OAxQ","action":"SyncServerConnectionManagerRequest", "result":"SYNC_SERVER_OK", "context":{"environment":"", "migrationStage":"", "server":""}}
{"logTime": "0311/025103", "correlationVector":"dQJnmEgL8cwAVe7Vw8OAxQ.0","action":"EncryptionKeysFetcher.DownloadKeys:", "result":"Success", "context":Key count: 10, Last key timestamp: 2025-03-01T01:46:32Z}
{"logTime": "0311/025103", "correlationVector":"dQJnmEgL8cwAVe7Vw8OAxQ.1","action":"EncryptionKeysManager::SetEncryptionKeys:", "result":"Success", "context":Key names[10]:[chOMgGF8Y+vK6/TrmShcZGk1WWG361voua6YI19bHD2thNnus0pWiQcGbZW42vMZvoDeLCCoBrwyq1afgQEFAQ==][oTHD/8c56p3uElpGRmC7LZDnFGu5EAGdw1iMSR9X8NsqE2dLvjEM+ei0rlMe2LFGI7gJQMZ9W5kx70CrF+MaOQ==][LVjPW+3AGT3shXtsc9GHLQPnNgQ7MoiKHQUwAnvTU0e52DH+afBcoitV0ZhEFmUPdTUF5T+mWoHnNUZJ2sEWdg==][g1pn2YPFYUeXMezqv3MUYgeRbIhLAz79feq2MMGn+uUYY/qgU36VB4xk7sdQa3nzLsYqNFljkLh6kHiKIZDBzg==][0ukfdJRdc4u4en4kK44eXvywgFcbUztmORxDM9OsIaPzroJWonuQM4FOB7NaMckDaopYu9ai6vNXRlOYkQE8Cw==][rDQlZmSX9wAcbv2cqaO6pl9TIpDd3LM3FgsMB+CVR4yV1N6r0lyir58X/Ek/vDtQaS6ML5LX3iP6D/66HtYDcg==][I1NVuUzpk1pks+ktiVWjThNMamPATA/5ddikfNkecaES+5q8dbEGlr8piE+zcu7AfCAApcFyLbuxam2mnZnp8Q==][7dcWwC3iP/+3QaEB3ytVSoehv2Vq2PjUj9nMkRIoRMAj8/Q6f+wEZqmSD5hMRejyVCWqP6JeVQgh9/+d6XDZ2A==][gVUN75rQdsNxVeUo6VEFczT7+qtjsP3cMoZEcX356HENuKS8QtYXZywHn+R2VpGw6jdYVdmZuhKqwtxx8D/qBQ==][DbPSXnDEUUtKsD85Rg7y7PlBinbllr8L7B5ANtgVD4iJhU782yjwkYg9q0X2oIs2h3RaVyfGkT3rEpCgNCpfrg==]}
{"logTime": "0311/025103", "correlationVector":"dQJnmEgL8cwAVe7Vw8OAxQ.2","action":"EncryptionKeysManager::SetEncryptionKeysWithTimestamps:", "result":"Success", "context":Key timestamps[10]:[2024-03-21T03:26:51Z][2024-04-03T02:08:42Z][2024-04-12T08:55:54Z][2024-08-31T12:12:38Z][2024-10-08T06:45:52Z][2024-10-24T06:32:17Z][2024-10-29T13:32:31Z][2024-12-19T03:34:02Z][2024-12-27T15:33:03Z][2025-03-01T01:46:32Z]}
{"logTime": "0311/025103", "correlationVector":"4xeWn/EA6tIJoC/yg+75en","action":"Initial GetUpdates", "result":"", "context":Reason: NEW_CLIENT. cV=4xeWn/EA6tIJoC/yg+75en}
{"logTime": "0311/025103", "correlationVector":"4xeWn/EA6tIJoC/yg+75en.3","action":"GetUpdates Response", "result":"Success", "context":Received 1 update(s). cV=4xeWn/EA6tIJoC/yg+75en.0;server=akswtt005000000;cloudType=Consumer;environment=Prod_southeastasia_prod-s01-065-apac-southeastasia;migrationStage=NotStarted}
{"logTime": "0311/025103", "correlationVector":"6zJSkfGx7Gq2qtAzAfTEFQ","action":"Initial GetUpdates", "result":"", "context":Reason: NEWLY_SUPPORTED_DATATYPE. cV=6zJSkfGx7Gq2qtAzAfTEFQ}
{"logTime": "0311/025105", "correlationVector":"6zJSkfGx7Gq2qtAzAfTEFQ.1","action":"SyncServerConnectionManagerRequest", "result":"SYNC_SERVER_OK", "context":{"environment":"Prod_southeastasia_prod-s01-065-apac-southeastasia", "migrationStage":"NotStarted", "server":"akswtt005000003"}}
{"logTime": "0311/025105", "correlationVector":"6zJSkfGx7Gq2qtAzAfTEFQ.2","action":"ProcessGetUpdates", "result":"Done", "context":{"dataType":"Preferences", "deleted":"0", "process_failed_to_decrypt":"0", "process_pending_decryption":"0", "process_success":"104", "total":"104"}}
{"logTime": "0311/025105", "correlationVector":"6zJSkfGx7Gq2qtAzAfTEFQ.3","action":"ProcessGetUpdates", "result":"Done", "context":{"dataType":"Passwords", "deleted":"10", "process_failed_to_decrypt":"0", "process_pending_decryption":"0", "process_success":"130", "total":"130"}}
{"logTime": "0311/025105", "correlationVector":"6zJSkfGx7Gq2qtAzAfTEFQ.4","action":"ProcessGetUpdates", "result":"Done", "context":{"dataType":"Device Info", "deleted":"0", "process_failed_to_decrypt":"0", "process_pending_decryption":"0", "process_success":"16", "total":"16"}}
{"logTime": "0311/025105", "correlationVector":"6zJSkfGx7Gq2qtAzAfTEFQ.5","action":"GetUpdates Response", "result":"Success", "context":Received 250 update(s). cV=6zJSkfGx7Gq2qtAzAfTEFQ.0;server=akswtt005000003;cloudType=Consumer;environment=Prod_southeastasia_prod-s01-065-apac-southeastasia;migrationStage=NotStarted Some updates remain.}
{"logTime": "0311/025105", "correlationVector":"87tewRYh6a3sbnqmE8giWZ","action":"Initial GetUpdates", "result":"", "context":Reason: NEWLY_SUPPORTED_DATATYPE. cV=87tewRYh6a3sbnqmE8giWZ}
{"logTime": "0311/025105", "correlationVector":"87tewRYh6a3sbnqmE8giWZ.1","action":"SyncServerConnectionManagerRequest", "result":"SYNC_SERVER_OK", "context":{"environment":"Prod_southeastasia_prod-s01-065-apac-southeastasia", "migrationStage":"NotStarted", "server":"akswtt00500003v"}}
{"logTime": "0311/025105", "correlationVector":"87tewRYh6a3sbnqmE8giWZ.2","action":"ProcessGetUpdates", "result":"Done", "context":{"dataType":"Preferences", "deleted":"0", "process_failed_to_decrypt":"0", "process_pending_decryption":"0", "process_success":"2", "total":"2"}}
{"logTime": "0311/025105", "correlationVector":"87tewRYh6a3sbnqmE8giWZ.3","action":"ProcessGetUpdates", "result":"Done", "context":{"dataType":"Device Info", "deleted":"0", "process_failed_to_decrypt":"0", "process_pending_decryption":"0", "process_success":"2", "total":"2"}}
{"logTime": "0311/025105", "correlationVector":"87tewRYh6a3sbnqmE8giWZ.4","action":"GetUpdates Response", "result":"Success", "context":Received 4 update(s). cV=87tewRYh6a3sbnqmE8giWZ.0;server=akswtt00500003v;cloudType=Consumer;environment=Prod_southeastasia_prod-s01-065-apac-southeastasia;migrationStage=NotStarted}
{"logTime": "0311/025105", "correlationVector":"cZAz5QaEjAT3MTGAQ+YzrP","action":"Initial GetUpdates", "result":"", "context":Reason: NEWLY_SUPPORTED_DATATYPE. cV=cZAz5QaEjAT3MTGAQ+YzrP}
{"logTime": "0311/025106", "correlationVector":"cZAz5QaEjAT3MTGAQ+YzrP.1","action":"SyncServerConnectionManagerRequest", "result":"SYNC_SERVER_OK", "context":{"environment":"Prod_southeastasia_prod-s01-065-apac-southeastasia", "migrationStage":"NotStarted", "server":"akswtt005000033"}}
{"logTime": "0311/025106", "correlationVector":"cZAz5QaEjAT3MTGAQ+YzrP.2","action":"ProcessGetUpdates", "result":"Done", "context":{"dataType":"Bookmarks", "deleted":"1", "process_failed_to_decrypt":"0", "process_pending_decryption":"0", "process_success":"121", "total":"121"}}
{"logTime": "0311/025106", "correlationVector":"cZAz5QaEjAT3MTGAQ+YzrP.3","action":"GetUpdates Response", "result":"Success", "context":Received 121 update(s). cV=cZAz5QaEjAT3MTGAQ+YzrP.0;server=akswtt005000033;cloudType=Consumer;environment=Prod_southeastasia_prod-s01-065-apac-southeastasia;migrationStage=NotStarted}
{"logTime": "0311/025106", "correlationVector":"IS9WN9FKzya/0OTK8npSlv","action":"Initial GetUpdates", "result":"", "context":Reason: NEWLY_SUPPORTED_DATATYPE. cV=IS9WN9FKzya/0OTK8npSlv}
{"logTime": "0311/025107", "correlationVector":"IS9WN9FKzya/0OTK8npSlv.1","action":"SyncServerConnectionManagerRequest", "result":"SYNC_SERVER_OK", "context":{"environment":"Prod_southeastasia_prod-s01-065-apac-southeastasia", "migrationStage":"NotStarted", "server":"akswtt00500000p"}}
{"logTime": "0311/025107", "correlationVector":"IS9WN9FKzya/0OTK8npSlv.2","action":"ProcessGetUpdates", "result":"Done", "context":{"dataType":"Autofill Profiles", "deleted":"1", "process_failed_to_decrypt":"0", "process_pending_decryption":"0", "process_success":"1", "total":"1"}}
{"logTime": "0311/025107", "correlationVector":"IS9WN9FKzya/0OTK8npSlv.3","action":"ProcessGetUpdates", "result":"Done", "context":{"dataType":"Autofill", "deleted":"0", "process_failed_to_decrypt":"0", "process_pending_decryption":"0", "process_success":"1", "total":"1"}}
{"logTime": "0311/025107", "correlationVector":"IS9WN9FKzya/0OTK8npSlv.4","action":"ProcessGetUpdates", "result":"Done", "context":{"dataType":"Extensions", "deleted":"0", "process_failed_to_decrypt":"0", "process_pending_decryption":"0", "process_success":"5", "total":"5"}}
{"logTime": "0311/025107", "correlationVector":"IS9WN9FKzya/0OTK8npSlv.5","action":"ProcessGetUpdates", "result":"Done", "context":{"dataType":"Sessions", "deleted":"186", "process_failed_to_decrypt":"0", "process_pending_decryption":"0", "process_success":"186", "total":"186"}}
{"logTime": "0311/025107", "correlationVector":"IS9WN9FKzya/0OTK8npSlv.6","action":"ProcessGetUpdates", "result":"Done", "context":{"dataType":"Extension settings", "deleted":"0", "process_failed_to_decrypt":"0", "process_pending_decryption":"0", "process_success":"37", "total":"37"}}
{"logTime": "0311/025107", "correlationVector":"IS9WN9FKzya/0OTK8npSlv.7","action":"ProcessGetUpdates", "result":"Done", "context":{"dataType":"Edge Hub App Usage", "deleted":"18", "process_failed_to_decrypt":"0", "process_pending_decryption":"0", "process_success":"20", "total":"20"}}
{"logTime": "0311/025107", "correlationVector":"IS9WN9FKzya/0OTK8npSlv.8","action":"GetUpdates Response", "result":"Success", "context":Received 250 update(s). cV=IS9WN9FKzya/0OTK8npSlv.0;server=akswtt00500000p;cloudType=Consumer;environment=Prod_southeastasia_prod-s01-065-apac-southeastasia;migrationStage=NotStarted Some updates remain.}
{"logTime": "0311/025107", "correlationVector":"5Rq3bwlrKPe8hP/lA8O31a","action":"Initial GetUpdates", "result":"", "context":Reason: NEWLY_SUPPORTED_DATATYPE. cV=5Rq3bwlrKPe8hP/lA8O31a}
{"logTime": "0311/025108", "correlationVector":"5Rq3bwlrKPe8hP/lA8O31a.1","action":"SyncServerConnectionManagerRequest", "result":"SYNC_SERVER_OK", "context":{"environment":"Prod_southeastasia_prod-s01-065-apac-southeastasia", "migrationStage":"NotStarted", "server":"akswtt00500003v"}}
{"logTime": "0311/025108", "correlationVector":"5Rq3bwlrKPe8hP/lA8O31a.2","action":"ProcessGetUpdates", "result":"Done", "context":{"dataType":"Autofill Profiles", "deleted":"0", "process_failed_to_decrypt":"0", "process_pending_decryption":"0", "process_success":"3", "total":"3"}}
{"logTime": "0311/025108", "correlationVector":"5Rq3bwlrKPe8hP/lA8O31a.3","action":"ProcessGetUpdates", "result":"Done", "context":{"dataType":"Autofill", "deleted":"0", "process_failed_to_decrypt":"0", "process_pending_decryption":"0", "process_success":"114", "total":"114"}}
{"logTime": "0311/025108", "correlationVector":"5Rq3bwlrKPe8hP/lA8O31a.4","action":"ProcessGetUpdates", "result":"Done", "context":{"dataType":"Extensions", "deleted":"0", "process_failed_to_decrypt":"0", "process_pending_decryption":"0", "process_success":"25", "total":"25"}}
{"logTime": "0311/025108", "correlationVector":"5Rq3bwlrKPe8hP/lA8O31a.5","action":"ProcessGetUpdates", "result":"Done", "context":{"dataType":"Sessions", "deleted":"17", "process_failed_to_decrypt":"0", "process_pending_decryption":"0", "process_success":"24", "total":"24"}}
{"logTime": "0311/025108", "correlationVector":"5Rq3bwlrKPe8hP/lA8O31a.6","action":"ProcessGetUpdates", "result":"Done", "context":{"dataType":"Extension settings", "deleted":"0", "process_failed_to_decrypt":"0", "process_pending_decryption":"0", "process_success":"3", "total":"3"}}
{"logTime": "0311/025108", "correlationVector":"5Rq3bwlrKPe8hP/lA8O31a.7","action":"ProcessGetUpdates", "result":"Done", "context":{"dataType":"Edge Hub App Usage", "deleted":"1", "process_failed_to_decrypt":"0", "process_pending_decryption":"0", "process_success":"4", "total":"4"}}
{"logTime": "0311/025108", "correlationVector":"5Rq3bwlrKPe8hP/lA8O31a.8","action":"GetUpdates Response", "result":"Success", "context":Received 173 update(s). cV=5Rq3bwlrKPe8hP/lA8O31a.0;server=akswtt00500003v;cloudType=Consumer;environment=Prod_southeastasia_prod-s01-065-apac-southeastasia;migrationStage=NotStarted}
{"logTime": "0311/025108", "correlationVector":"ULrorylx3WMGzgII03CjRR","action":"Initial GetUpdates", "result":"", "context":Reason: NEWLY_SUPPORTED_DATATYPE. cV=ULrorylx3WMGzgII03CjRR}
{"logTime": "0311/025109", "correlationVector":"ULrorylx3WMGzgII03CjRR.1","action":"SyncServerConnectionManagerRequest", "result":"SYNC_SERVER_OK", "context":{"environment":"Prod_southeastasia_prod-s01-065-apac-southeastasia", "migrationStage":"NotStarted", "server":"akswtt005000034"}}
{"logTime": "0311/025109", "correlationVector":"ULrorylx3WMGzgII03CjRR.2","action":"ProcessGetUpdates", "result":"Done", "context":{"dataType":"History", "deleted":"0", "process_failed_to_decrypt":"0", "process_pending_decryption":"0", "process_success":"250", "total":"250"}}
{"logTime": "0311/025109", "correlationVector":"ULrorylx3WMGzgII03CjRR.3","action":"GetUpdates Response", "result":"Success", "context":Received 250 update(s). cV=ULrorylx3WMGzgII03CjRR.0;server=akswtt005000034;cloudType=Consumer;environment=Prod_southeastasia_prod-s01-065-apac-southeastasia;migrationStage=NotStarted Some updates remain.}
{"logTime": "0311/025109", "correlationVector":"i4litO4RBLg1WKN0B+IEfK","action":"Initial GetUpdates", "result":"", "context":Reason: NEWLY_SUPPORTED_DATATYPE. cV=i4litO4RBLg1WKN0B+IEfK}
{"logTime": "0311/025109", "correlationVector":"i4litO4RBLg1WKN0B+IEfK.1","action":"SyncServerConnectionManagerRequest", "result":"SYNC_SERVER_OK", "context":{"environment":"Prod_southeastasia_prod-s01-065-apac-southeastasia", "migrationStage":"NotStarted", "server":"akswtt00500001g"}}
{"logTime": "0311/025109", "correlationVector":"i4litO4RBLg1WKN0B+IEfK.2","action":"ProcessGetUpdates", "result":"Done", "context":{"dataType":"History", "deleted":"0", "process_failed_to_decrypt":"0", "process_pending_decryption":"0", "process_success":"250", "total":"250"}}
{"logTime": "0311/025109", "correlationVector":"i4litO4RBLg1WKN0B+IEfK.3","action":"GetUpdates Response", "result":"Success", "context":Received 250 update(s). cV=i4litO4RBLg1WKN0B+IEfK.0;server=akswtt00500001g;cloudType=Consumer;environment=Prod_southeastasia_prod-s01-065-apac-southeastasia;migrationStage=NotStarted Some updates remain.}
{"logTime": "0311/025109", "correlationVector":"XqmB9Awz+c7yG6KNKiUB6g","action":"Initial GetUpdates", "result":"", "context":Reason: NEWLY_SUPPORTED_DATATYPE. cV=XqmB9Awz+c7yG6KNKiUB6g}
{"logTime": "0311/025110", "correlationVector":"XqmB9Awz+c7yG6KNKiUB6g.1","action":"SyncServerConnectionManagerRequest", "result":"SYNC_SERVER_OK", "context":{"environment":"Prod_southeastasia_prod-s01-065-apac-southeastasia", "migrationStage":"NotStarted", "server":"akswtt00500001c"}}
{"logTime": "0311/025110", "correlationVector":"XqmB9Awz+c7yG6KNKiUB6g.2","action":"ProcessGetUpdates", "result":"Done", "context":{"dataType":"History", "deleted":"0", "process_failed_to_decrypt":"0", "process_pending_decryption":"0", "process_success":"39", "total":"39"}}
{"logTime": "0311/025110", "correlationVector":"XqmB9Awz+c7yG6KNKiUB6g.3","action":"GetUpdates Response", "result":"Success", "context":Received 39 update(s). cV=XqmB9Awz+c7yG6KNKiUB6g.0;server=akswtt00500001c;cloudType=Consumer;environment=Prod_southeastasia_prod-s01-065-apac-southeastasia;migrationStage=NotStarted}
{"logTime": "0311/025110", "correlationVector":"zdryMUJTLdpwCPda7PdK+K","action":"Normal GetUpdate request", "result":"", "context":cV=zdryMUJTLdpwCPda7PdK+K
Nudged types: Sessions, Device Info, User Consents
Refresh requested types: Bookmarks, Preferences, Passwords, Autofill Profiles, Autofill, Extensions, Sessions, Extension settings, History Delete Directives, Device Info, User Consents, Send Tab To Self, Web Apps, History, Collection, Edge E Drop, Edge Hub App Usage, Edge Tab Group, Edge Wallet, Encryption Keys}
{"logTime": "0311/025111", "correlationVector":"zdryMUJTLdpwCPda7PdK+K.1","action":"SyncServerConnectionManagerRequest", "result":"SYNC_SERVER_OK", "context":{"environment":"Prod_southeastasia_prod-s01-065-apac-southeastasia", "migrationStage":"NotStarted", "server":"akswtt005000014"}}
{"logTime": "0311/025111", "correlationVector":"zdryMUJTLdpwCPda7PdK+K.2","action":"GetUpdates Response", "result":"Success", "context":Received 0 update(s). cV=zdryMUJTLdpwCPda7PdK+K.0;server=akswtt005000014;cloudType=Consumer;environment=Prod_southeastasia_prod-s01-065-apac-southeastasia;migrationStage=NotStarted}
{"logTime": "0311/025111", "correlationVector":"bI5odZ/iWCWCIS6Njpgd04","action":"DoCompareDataConsistency requsted types: ", "result":"Bookmarks, Preferences, Passwords, Extensions, Extension settings, History Delete Directives, Send Tab To Self, Web Apps, History, Collection, Edge E Drop, Edge Tab Group, Edge Wallet, Encryption Keys"}
{"logTime": "0311/025111", "correlationVector":"bI5odZ/iWCWCIS6Njpgd04.0","action":"CompareDataConsistency result: ", "result":"Compare result: Encryption Keys is consistent. local entities count is: 1 local entities hash is: nBue8IlJfQYOGBz11hV2bQxnE5w="}
{"logTime": "0311/025111", "correlationVector":"bI5odZ/iWCWCIS6Njpgd04.1","action":"CompareDataConsistency result: ", "result":"Compare result: Bookmarks is consistent. local entities count is: 115 local entities hash is: iKxW/n8qpZzBY1Z/0GYM7e1d/2w="}
{"logTime": "0311/025111", "correlationVector":"bI5odZ/iWCWCIS6Njpgd04.2","action":"CompareDataConsistency result: ", "result":"Compare result: Preferences is consistent. local entities count is: 106 local entities hash is: moj97Yas7WZKBhEaV9XaWssxUM4="}
{"logTime": "0311/025111", "correlationVector":"bI5odZ/iWCWCIS6Njpgd04.3","action":"CompareDataConsistency result: ", "result":"Compare result: Extensions is consistent. local entities count is: 30 local entities hash is: HP1U82Z9st362m9nNuoXLYqCrWY="}
{"logTime": "0311/025111", "correlationVector":"bI5odZ/iWCWCIS6Njpgd04.4","action":"CompareDataConsistency result: ", "result":"Compare result: Extension settings is consistent. local entities count is: 40 local entities hash is: fSQtuK7KdE70/tNvLVjuAab4nN0="}
{"logTime": "0311/025111", "correlationVector":"bI5odZ/iWCWCIS6Njpgd04.5","action":"CompareDataConsistency result: ", "result":"Compare result: History Delete Directives is consistent. local entities count is: 0 local entities hash is: "}
{"logTime": "0311/025111", "correlationVector":"bI5odZ/iWCWCIS6Njpgd04.6","action":"CompareDataConsistency result: ", "result":"Server did not send this Send Tab To Self local entities count is: 0 local entities hash is: "}
{"logTime": "0311/025111", "correlationVector":"bI5odZ/iWCWCIS6Njpgd04.7","action":"CompareDataConsistency result: ", "result":"Compare result: Web Apps is consistent. local entities count is: 0 local entities hash is: "}
{"logTime": "0311/025111", "correlationVector":"bI5odZ/iWCWCIS6Njpgd04.8","action":"CompareDataConsistency result: ", "result":"Server did not send this History local entities count is: 0 local entities hash is: "}
{"logTime": "0311/025111", "correlationVector":"bI5odZ/iWCWCIS6Njpgd04.9","action":"CompareDataConsistency result: ", "result":"Compare result: Collection is consistent. local entities count is: 0 local entities hash is: "}
{"logTime": "0311/025111", "correlationVector":"bI5odZ/iWCWCIS6Njpgd04.10","action":"CompareDataConsistency result: ", "result":"Compare result: Edge E Drop is consistent. local entities count is: 0 local entities hash is: "}
{"logTime": "0311/025111", "correlationVector":"bI5odZ/iWCWCIS6Njpgd04.11","action":"CompareDataConsistency result: ", "result":"Compare result: Edge Tab Group is consistent. local entities count is: 0 local entities hash is: "}
{"logTime": "0311/025111", "correlationVector":"bI5odZ/iWCWCIS6Njpgd04.12","action":"CompareDataConsistency result: ", "result":"Compare result: Edge Wallet is consistent. local entities count is: 0 local entities hash is: "}
{"logTime": "0311/025111", "correlationVector":"bI5odZ/iWCWCIS6Njpgd04.13","action":"CompareDataConsistency result: ", "result":"Compare result: Passwords is consistent. local entities count is: 120 local entities hash is: n4q5EZ9uz+qJEJHIuGi10m5n2AI="}
{"logTime": "0311/025111", "correlationVector":"04CQjjGiChiMK/4oSYwzs4","action":"Commit Request", "result":"", "context":Item count: 4
Contributing types: Sessions, Device Info, User Consents}
{"logTime": "0311/025112", "correlationVector":"04CQjjGiChiMK/4oSYwzs4.1","action":"SyncServerConnectionManagerRequest", "result":"SYNC_SERVER_OK", "context":{"environment":"Prod_southeastasia_prod-s01-065-apac-southeastasia", "migrationStage":"NotStarted", "server":"akswtt005000000"}}
{"logTime": "0311/025112", "correlationVector":"04CQjjGiChiMK/4oSYwzs4.2","action":"Commit Response", "result":"Success", "context":Result: Success. cV=04CQjjGiChiMK/4oSYwzs4.0;server=akswtt005000000;cloudType=Consumer;environment=Prod_southeastasia_prod-s01-065-apac-southeastasia;migrationStage=NotStarted}
{"logTime": "0311/025112", "correlationVector":"","action":"DIAGNOSTIC_REQUEST|v1/diagnosticData/Diagnostic.SendCheckResult()|SUCCESS", "result":""}
{"logTime": "0311/025114", "correlationVector":"9wzi1oKxvfO1gx8LbWyni6","action":"Normal GetUpdate request", "result":"", "context":cV=9wzi1oKxvfO1gx8LbWyni6
Nudged types: Sessions, History
Notified types: History}
{"logTime": "0311/025115", "correlationVector":"9wzi1oKxvfO1gx8LbWyni6.1","action":"SyncServerConnectionManagerRequest", "result":"SYNC_SERVER_OK", "context":{"environment":"Prod_southeastasia_prod-s01-065-apac-southeastasia", "migrationStage":"NotStarted", "server":"akswtt00500003v"}}
{"logTime": "0311/025115", "correlationVector":"9wzi1oKxvfO1gx8LbWyni6.2","action":"ProcessGetUpdates", "result":"Done", "context":{"dataType":"Sessions", "deleted":"0", "process_failed_to_decrypt":"0", "process_pending_decryption":"0", "process_success":"3", "total":"3"}}
{"logTime": "0311/025115", "correlationVector":"9wzi1oKxvfO1gx8LbWyni6.3","action":"ProcessGetUpdates", "result":"Done", "context":{"dataType":"Device Info", "deleted":"0", "process_failed_to_decrypt":"0", "process_pending_decryption":"0", "process_success":"1", "total":"1"}}
{"logTime": "0311/025115", "correlationVector":"9wzi1oKxvfO1gx8LbWyni6.4","action":"ProcessGetUpdates", "result":"Done", "context":{"dataType":"History", "deleted":"0", "process_failed_to_decrypt":"0", "process_pending_decryption":"0", "process_success":"2", "total":"2"}}
{"logTime": "0311/025115", "correlationVector":"9wzi1oKxvfO1gx8LbWyni6.5","action":"GetUpdates Response", "result":"Success", "context":Received 6 update(s). cV=9wzi1oKxvfO1gx8LbWyni6.0;server=akswtt00500003v;cloudType=Consumer;environment=Prod_southeastasia_prod-s01-065-apac-southeastasia;migrationStage=NotStarted}
{"logTime": "0311/025115", "correlationVector":"pteV6aGZwAWkDVlL/z8Uxv","action":"Commit Request", "result":"", "context":Item count: 2
Contributing types: Sessions, History}
{"logTime": "0311/025115", "correlationVector":"pteV6aGZwAWkDVlL/z8Uxv.1","action":"SyncServerConnectionManagerRequest", "result":"SYNC_SERVER_OK", "context":{"environment":"Prod_southeastasia_prod-s01-065-apac-southeastasia", "migrationStage":"NotStarted", "server":"akswtt005000003"}}
{"logTime": "0311/025115", "correlationVector":"pteV6aGZwAWkDVlL/z8Uxv.2","action":"Commit Response", "result":"Success", "context":Result: Success. cV=pteV6aGZwAWkDVlL/z8Uxv.0;server=akswtt005000003;cloudType=Consumer;environment=Prod_southeastasia_prod-s01-065-apac-southeastasia;migrationStage=NotStarted}
{"logTime": "0311/025121", "correlationVector":"exmzVfJ4Zo2g3uxDZfXu7I","action":"Commit Request", "result":"", "context":Item count: 2
Contributing types: User Consents, History}
{"logTime": "0311/025122", "correlationVector":"exmzVfJ4Zo2g3uxDZfXu7I.1","action":"SyncServerConnectionManagerRequest", "result":"SYNC_SERVER_OK", "context":{"environment":"Prod_southeastasia_prod-s01-065-apac-southeastasia", "migrationStage":"NotStarted", "server":"akswtt00500000e"}}
{"logTime": "0311/025122", "correlationVector":"exmzVfJ4Zo2g3uxDZfXu7I.2","action":"Commit Response", "result":"Success", "context":Result: Success. cV=exmzVfJ4Zo2g3uxDZfXu7I.0;server=akswtt00500000e;cloudType=Consumer;environment=Prod_southeastasia_prod-s01-065-apac-southeastasia;migrationStage=NotStarted}
{"logTime": "0313/035533", "correlationVector":"8PZp/yASxm+vHpdt/BrJk2.1","action":"SyncServerConnectionManagerRequest", "result":"SYNC_SERVER_OK", "context":{"environment":"Prod_southeastasia_prod-s01-065-apac-southeastasia", "migrationStage":"NotStarted", "server":"akswtt00500002g"}}
{"logTime": "0313/035533", "correlationVector":"8PZp/yASxm+vHpdt/BrJk2.2","action":"ProcessGetUpdates", "result":"Done", "context":{"dataType":"Encryption Keys", "deleted":"0", "process_failed_to_decrypt":"0", "process_pending_decryption":"0", "process_success":"1", "total":"1"}}
{"logTime": "0313/035533", "correlationVector":"C6eQEiSF2MMD21AUeio1o9","action":"SyncServerConnectionManagerRequest", "result":"SYNC_SERVER_OK", "context":{"environment":"", "migrationStage":"", "server":""}}
{"logTime": "0313/035533", "correlationVector":"C6eQEiSF2MMD21AUeio1o9.0","action":"EncryptionKeysFetcher.DownloadKeys:", "result":"Success", "context":Key count: 10, Last key timestamp: 2025-03-01T01:46:32Z}
{"logTime": "0313/035533", "correlationVector":"C6eQEiSF2MMD21AUeio1o9.1","action":"EncryptionKeysManager::SetEncryptionKeys:", "result":"Success", "context":Key names[10]:[chOMgGF8Y+vK6/TrmShcZGk1WWG361voua6YI19bHD2thNnus0pWiQcGbZW42vMZvoDeLCCoBrwyq1afgQEFAQ==][oTHD/8c56p3uElpGRmC7LZDnFGu5EAGdw1iMSR9X8NsqE2dLvjEM+ei0rlMe2LFGI7gJQMZ9W5kx70CrF+MaOQ==][LVjPW+3AGT3shXtsc9GHLQPnNgQ7MoiKHQUwAnvTU0e52DH+afBcoitV0ZhEFmUPdTUF5T+mWoHnNUZJ2sEWdg==][g1pn2YPFYUeXMezqv3MUYgeRbIhLAz79feq2MMGn+uUYY/qgU36VB4xk7sdQa3nzLsYqNFljkLh6kHiKIZDBzg==][0ukfdJRdc4u4en4kK44eXvywgFcbUztmORxDM9OsIaPzroJWonuQM4FOB7NaMckDaopYu9ai6vNXRlOYkQE8Cw==][rDQlZmSX9wAcbv2cqaO6pl9TIpDd3LM3FgsMB+CVR4yV1N6r0lyir58X/Ek/vDtQaS6ML5LX3iP6D/66HtYDcg==][I1NVuUzpk1pks+ktiVWjThNMamPATA/5ddikfNkecaES+5q8dbEGlr8piE+zcu7AfCAApcFyLbuxam2mnZnp8Q==][7dcWwC3iP/+3QaEB3ytVSoehv2Vq2PjUj9nMkRIoRMAj8/Q6f+wEZqmSD5hMRejyVCWqP6JeVQgh9/+d6XDZ2A==][gVUN75rQdsNxVeUo6VEFczT7+qtjsP3cMoZEcX356HENuKS8QtYXZywHn+R2VpGw6jdYVdmZuhKqwtxx8D/qBQ==][DbPSXnDEUUtKsD85Rg7y7PlBinbllr8L7B5ANtgVD4iJhU782yjwkYg9q0X2oIs2h3RaVyfGkT3rEpCgNCpfrg==]}
{"logTime": "0313/035533", "correlationVector":"C6eQEiSF2MMD21AUeio1o9.2","action":"EncryptionKeysManager::SetEncryptionKeysWithTimestamps:", "result":"Success", "context":Key timestamps[10]:[2024-03-21T03:26:51Z][2024-04-03T02:08:42Z][2024-04-12T08:55:54Z][2024-08-31T12:12:38Z][2024-10-08T06:45:52Z][2024-10-24T06:32:17Z][2024-10-29T13:32:31Z][2024-12-19T03:34:02Z][2024-12-27T15:33:03Z][2025-03-01T01:46:32Z]}
{"logTime": "0313/035533", "correlationVector":"8PZp/yASxm+vHpdt/BrJk2","action":"Initial GetUpdates", "result":"", "context":Reason: NEW_CLIENT. cV=8PZp/yASxm+vHpdt/BrJk2}
{"logTime": "0313/035533", "correlationVector":"8PZp/yASxm+vHpdt/BrJk2.3","action":"GetUpdates Response", "result":"Success", "context":Received 1 update(s). cV=8PZp/yASxm+vHpdt/BrJk2.0;server=akswtt00500002g;cloudType=Consumer;environment=Prod_southeastasia_prod-s01-065-apac-southeastasia;migrationStage=NotStarted}
{"logTime": "0313/035533", "correlationVector":"/Zvu58xFWv5MNz/IiSF8eQ","action":"Initial GetUpdates", "result":"", "context":Reason: NEWLY_SUPPORTED_DATATYPE. cV=/Zvu58xFWv5MNz/IiSF8eQ}
{"logTime": "0313/035534", "correlationVector":"/Zvu58xFWv5MNz/IiSF8eQ.1","action":"SyncServerConnectionManagerRequest", "result":"SYNC_SERVER_OK", "context":{"environment":"Prod_southeastasia_prod-s01-065-apac-southeastasia", "migrationStage":"NotStarted", "server":"akswtt00500001o"}}
{"logTime": "0313/035534", "correlationVector":"/Zvu58xFWv5MNz/IiSF8eQ.2","action":"ProcessGetUpdates", "result":"Done", "context":{"dataType":"Passwords", "deleted":"10", "process_failed_to_decrypt":"0", "process_pending_decryption":"0", "process_success":"130", "total":"130"}}
{"logTime": "0313/035534", "correlationVector":"/Zvu58xFWv5MNz/IiSF8eQ.3","action":"GetUpdates Response", "result":"Success", "context":Received 130 update(s). cV=/Zvu58xFWv5MNz/IiSF8eQ.0;server=akswtt00500001o;cloudType=Consumer;environment=Prod_southeastasia_prod-s01-065-apac-southeastasia;migrationStage=NotStarted}
{"logTime": "0313/035534", "correlationVector":"Syy48vfF7/HxoZDJ0qccPg","action":"Normal GetUpdate request", "result":"", "context":cV=Syy48vfF7/HxoZDJ0qccPg
Nudged types: Sessions, Device Info, History
Refresh requested types: Bookmarks, Preferences, Passwords, Autofill Profiles, Autofill, Extensions, Sessions, Extension settings, History Delete Directives, Device Info, User Consents, Send Tab To Self, Web Apps, History, Collection, Edge E Drop, Edge Hub App Usage, Edge Tab Group, Edge Wallet, Encryption Keys}
{"logTime": "0313/035535", "correlationVector":"Syy48vfF7/HxoZDJ0qccPg.1","action":"SyncServerConnectionManagerRequest", "result":"SYNC_SERVER_OK", "context":{"environment":"Prod_southeastasia_prod-s01-065-apac-southeastasia", "migrationStage":"NotStarted", "server":"akswtt00500001m"}}
{"logTime": "0313/035535", "correlationVector":"Syy48vfF7/HxoZDJ0qccPg.2","action":"ProcessGetUpdates", "result":"Done", "context":{"dataType":"Preferences", "deleted":"0", "process_failed_to_decrypt":"0", "process_pending_decryption":"0", "process_success":"1", "total":"1"}}
{"logTime": "0313/035535", "correlationVector":"Syy48vfF7/HxoZDJ0qccPg.3","action":"ProcessGetUpdates", "result":"Done", "context":{"dataType":"Extensions", "deleted":"0", "process_failed_to_decrypt":"0", "process_pending_decryption":"0", "process_success":"6", "total":"6"}}
{"logTime": "0313/035535", "correlationVector":"Syy48vfF7/HxoZDJ0qccPg.4","action":"ProcessGetUpdates", "result":"Done", "context":{"dataType":"Sessions", "deleted":"0", "process_failed_to_decrypt":"0", "process_pending_decryption":"0", "process_success":"2", "total":"2"}}
{"logTime": "0313/035535", "correlationVector":"Syy48vfF7/HxoZDJ0qccPg.5","action":"ProcessGetUpdates", "result":"Done", "context":{"dataType":"Device Info", "deleted":"0", "process_failed_to_decrypt":"0", "process_pending_decryption":"0", "process_success":"1", "total":"1"}}
{"logTime": "0313/035535", "correlationVector":"Syy48vfF7/HxoZDJ0qccPg.6","action":"ProcessGetUpdates", "result":"Done", "context":{"dataType":"History", "deleted":"0", "process_failed_to_decrypt":"0", "process_pending_decryption":"0", "process_success":"1", "total":"1"}}
{"logTime": "0313/035535", "correlationVector":"Syy48vfF7/HxoZDJ0qccPg.7","action":"GetUpdates Response", "result":"Success", "context":Received 11 update(s). cV=Syy48vfF7/HxoZDJ0qccPg.0;server=akswtt00500001m;cloudType=Consumer;environment=Prod_southeastasia_prod-s01-065-apac-southeastasia;migrationStage=NotStarted}
{"logTime": "0313/035535", "correlationVector":"jI91fGVECSuPfCzbK6H55s","action":"Commit Request", "result":"", "context":Item count: 9
Contributing types: Passwords, Sessions, Device Info, History}
{"logTime": "0313/035536", "correlationVector":"jI91fGVECSuPfCzbK6H55s.1","action":"SyncServerConnectionManagerRequest", "result":"SYNC_SERVER_OK", "context":{"environment":"Prod_southeastasia_prod-s01-065-apac-southeastasia", "migrationStage":"NotStarted", "server":"akswtt005000047"}}
{"logTime": "0313/035536", "correlationVector":"jI91fGVECSuPfCzbK6H55s.2","action":"Commit Response", "result":"Success", "context":Result: Success. cV=jI91fGVECSuPfCzbK6H55s.0;server=akswtt005000047;cloudType=Consumer;environment=Prod_southeastasia_prod-s01-065-apac-southeastasia;migrationStage=NotStarted}
{"logTime": "0313/035536", "correlationVector":"jI91fGVECSuPfCzbK6H55s.3","action":"Commit.Sessions", "result":"Success", "context":{"id":"e36ed3fb-cb0e-4209-88a5-604f684819dc", "isDeleted":"true", "size":"0", "version":"1741831116470"}}
{"logTime": "0313/035543", "correlationVector":"kpsjtDMyq/ikPxBnintd0/","action":"Commit Request", "result":"", "context":Item count: 1
Contributing types: Preferences}
{"logTime": "0313/035543", "correlationVector":"kpsjtDMyq/ikPxBnintd0/.1","action":"SyncServerConnectionManagerRequest", "result":"SYNC_SERVER_OK", "context":{"environment":"Prod_southeastasia_prod-s01-065-apac-southeastasia", "migrationStage":"NotStarted", "server":"akswtt00500000p"}}
{"logTime": "0313/035543", "correlationVector":"kpsjtDMyq/ikPxBnintd0/.2","action":"Commit Response", "result":"Success", "context":Result: Success. cV=kpsjtDMyq/ikPxBnintd0/.0;server=akswtt00500000p;cloudType=Consumer;environment=Prod_southeastasia_prod-s01-065-apac-southeastasia;migrationStage=NotStarted}
{"logTime": "0313/035635", "correlationVector":"VjnCb/o9dIjaN+IfRgaRbp","action":"Commit Request", "result":"", "context":Item count: 1
Contributing types: Device Info}
{"logTime": "0313/035636", "correlationVector":"VjnCb/o9dIjaN+IfRgaRbp.1","action":"SyncServerConnectionManagerRequest", "result":"SYNC_SERVER_OK", "context":{"environment":"Prod_southeastasia_prod-s01-065-apac-southeastasia", "migrationStage":"NotStarted", "server":"akswtt00500000n"}}
{"logTime": "0313/035636", "correlationVector":"VjnCb/o9dIjaN+IfRgaRbp.2","action":"Commit Response", "result":"Success", "context":Result: Success. cV=VjnCb/o9dIjaN+IfRgaRbp.0;server=akswtt00500000n;cloudType=Consumer;environment=Prod_southeastasia_prod-s01-065-apac-southeastasia;migrationStage=NotStarted}
{"logTime": "0313/040114", "correlationVector":"vE+puGXg7fYkLAp8Uc5feT","action":"Normal GetUpdate request", "result":"", "context":cV=vE+puGXg7fYkLAp8Uc5feT
Notified types: Device Info}
{"logTime": "0313/040114", "correlationVector":"vE+puGXg7fYkLAp8Uc5feT.1","action":"SyncServerConnectionManagerRequest", "result":"SYNC_SERVER_OK", "context":{"environment":"Prod_southeastasia_prod-s01-065-apac-southeastasia", "migrationStage":"NotStarted", "server":"akswtt00500001f"}}
{"logTime": "0313/040114", "correlationVector":"vE+puGXg7fYkLAp8Uc5feT.2","action":"ProcessGetUpdates", "result":"Done", "context":{"dataType":"Preferences", "deleted":"0", "process_failed_to_decrypt":"0", "process_pending_decryption":"0", "process_success":"1", "total":"1"}}
{"logTime": "0313/040114", "correlationVector":"vE+puGXg7fYkLAp8Uc5feT.3","action":"ProcessGetUpdates", "result":"Done", "context":{"dataType":"Passwords", "deleted":"0", "process_failed_to_decrypt":"0", "process_pending_decryption":"0", "process_success":"1", "total":"1"}}
{"logTime": "0313/040114", "correlationVector":"vE+puGXg7fYkLAp8Uc5feT.4","action":"ProcessGetUpdates", "result":"Done", "context":{"dataType":"Sessions", "deleted":"1", "process_failed_to_decrypt":"0", "process_pending_decryption":"0", "process_success":"3", "total":"3"}}
{"logTime": "0313/040114", "correlationVector":"vE+puGXg7fYkLAp8Uc5feT.5","action":"ProcessGetUpdates", "result":"Done", "context":{"dataType":"Device Info", "deleted":"0", "process_failed_to_decrypt":"0", "process_pending_decryption":"0", "process_success":"2", "total":"2"}}
{"logTime": "0313/040114", "correlationVector":"vE+puGXg7fYkLAp8Uc5feT.6","action":"ProcessGetUpdates", "result":"Done", "context":{"dataType":"History", "deleted":"0", "process_failed_to_decrypt":"0", "process_pending_decryption":"0", "process_success":"4", "total":"4"}}
{"logTime": "0313/040114", "correlationVector":"vE+puGXg7fYkLAp8Uc5feT.7","action":"GetUpdates Response", "result":"Success", "context":Received 11 update(s). cV=vE+puGXg7fYkLAp8Uc5feT.0;server=akswtt00500001f;cloudType=Consumer;environment=Prod_southeastasia_prod-s01-065-apac-southeastasia;migrationStage=NotStarted}
{"logTime": "0313/040256", "correlationVector":"68QB55C0iX8XDuYQkiKIGs","action":"Commit Request", "result":"", "context":Item count: 3
Contributing types: Sessions, History}
{"logTime": "0313/040257", "correlationVector":"68QB55C0iX8XDuYQkiKIGs.1","action":"SyncServerConnectionManagerRequest", "result":"SYNC_SERVER_OK", "context":{"environment":"Prod_southeastasia_prod-s01-065-apac-southeastasia", "migrationStage":"NotStarted", "server":"akswtt00500002e"}}
{"logTime": "0313/040257", "correlationVector":"68QB55C0iX8XDuYQkiKIGs.2","action":"Commit Response", "result":"Success", "context":Result: Success. cV=68QB55C0iX8XDuYQkiKIGs.0;server=akswtt00500002e;cloudType=Consumer;environment=Prod_southeastasia_prod-s01-065-apac-southeastasia;migrationStage=NotStarted}
{"logTime": "0313/040559", "correlationVector":"7+tNLNM4QZDuFHXwWv87/L","action":"Commit Request", "result":"", "context":Item count: 4
Contributing types: Sessions, History}
{"logTime": "0313/040600", "correlationVector":"7+tNLNM4QZDuFHXwWv87/L.1","action":"SyncServerConnectionManagerRequest", "result":"SYNC_SERVER_OK", "context":{"environment":"Prod_southeastasia_prod-s01-064-apac-southeastasia", "migrationStage":"NotStarted", "server":"akswtt00500003j"}}
{"logTime": "0313/040600", "correlationVector":"7+tNLNM4QZDuFHXwWv87/L.2","action":"Commit Response", "result":"Success", "context":Result: Success. cV=7+tNLNM4QZDuFHXwWv87/L.0;server=akswtt00500003j;cloudType=Consumer;environment=Prod_southeastasia_prod-s01-064-apac-southeastasia;migrationStage=NotStarted}
{"logTime": "0313/041006", "correlationVector":"KkoKdAjOkx3suNQbj9QZkr.1","action":"SyncServerConnectionManagerRequest", "result":"SYNC_SERVER_OK", "context":{"environment":"Prod_southeastasia_prod-s01-065-apac-southeastasia", "migrationStage":"NotStarted", "server":"akswtt00500001r"}}
{"logTime": "0313/041006", "correlationVector":"KkoKdAjOkx3suNQbj9QZkr.2","action":"ProcessGetUpdates", "result":"Done", "context":{"dataType":"Encryption Keys", "deleted":"0", "process_failed_to_decrypt":"0", "process_pending_decryption":"0", "process_success":"1", "total":"1"}}
{"logTime": "0313/041006", "correlationVector":"XSmUcRltPqytNUAU+3sy6h","action":"SyncServerConnectionManagerRequest", "result":"SYNC_SERVER_OK", "context":{"environment":"", "migrationStage":"", "server":""}}
{"logTime": "0313/041006", "correlationVector":"XSmUcRltPqytNUAU+3sy6h.0","action":"EncryptionKeysFetcher.DownloadKeys:", "result":"Success", "context":Key count: 10, Last key timestamp: 2025-03-01T01:46:32Z}
{"logTime": "0313/041006", "correlationVector":"XSmUcRltPqytNUAU+3sy6h.1","action":"EncryptionKeysManager::SetEncryptionKeys:", "result":"Success", "context":Key names[10]:[chOMgGF8Y+vK6/TrmShcZGk1WWG361voua6YI19bHD2thNnus0pWiQcGbZW42vMZvoDeLCCoBrwyq1afgQEFAQ==][oTHD/8c56p3uElpGRmC7LZDnFGu5EAGdw1iMSR9X8NsqE2dLvjEM+ei0rlMe2LFGI7gJQMZ9W5kx70CrF+MaOQ==][LVjPW+3AGT3shXtsc9GHLQPnNgQ7MoiKHQUwAnvTU0e52DH+afBcoitV0ZhEFmUPdTUF5T+mWoHnNUZJ2sEWdg==][g1pn2YPFYUeXMezqv3MUYgeRbIhLAz79feq2MMGn+uUYY/qgU36VB4xk7sdQa3nzLsYqNFljkLh6kHiKIZDBzg==][0ukfdJRdc4u4en4kK44eXvywgFcbUztmORxDM9OsIaPzroJWonuQM4FOB7NaMckDaopYu9ai6vNXRlOYkQE8Cw==][rDQlZmSX9wAcbv2cqaO6pl9TIpDd3LM3FgsMB+CVR4yV1N6r0lyir58X/Ek/vDtQaS6ML5LX3iP6D/66HtYDcg==][I1NVuUzpk1pks+ktiVWjThNMamPATA/5ddikfNkecaES+5q8dbEGlr8piE+zcu7AfCAApcFyLbuxam2mnZnp8Q==][7dcWwC3iP/+3QaEB3ytVSoehv2Vq2PjUj9nMkRIoRMAj8/Q6f+wEZqmSD5hMRejyVCWqP6JeVQgh9/+d6XDZ2A==][gVUN75rQdsNxVeUo6VEFczT7+qtjsP3cMoZEcX356HENuKS8QtYXZywHn+R2VpGw6jdYVdmZuhKqwtxx8D/qBQ==][DbPSXnDEUUtKsD85Rg7y7PlBinbllr8L7B5ANtgVD4iJhU782yjwkYg9q0X2oIs2h3RaVyfGkT3rEpCgNCpfrg==]}
{"logTime": "0313/041006", "correlationVector":"XSmUcRltPqytNUAU+3sy6h.2","action":"EncryptionKeysManager::SetEncryptionKeysWithTimestamps:", "result":"Success", "context":Key timestamps[10]:[2024-03-21T03:26:51Z][2024-04-03T02:08:42Z][2024-04-12T08:55:54Z][2024-08-31T12:12:38Z][2024-10-08T06:45:52Z][2024-10-24T06:32:17Z][2024-10-29T13:32:31Z][2024-12-19T03:34:02Z][2024-12-27T15:33:03Z][2025-03-01T01:46:32Z]}
{"logTime": "0313/041006", "correlationVector":"KkoKdAjOkx3suNQbj9QZkr","action":"Initial GetUpdates", "result":"", "context":Reason: NEW_CLIENT. cV=KkoKdAjOkx3suNQbj9QZkr}
{"logTime": "0313/041006", "correlationVector":"KkoKdAjOkx3suNQbj9QZkr.3","action":"GetUpdates Response", "result":"Success", "context":Received 1 update(s). cV=KkoKdAjOkx3suNQbj9QZkr.0;server=akswtt00500001r;cloudType=Consumer;environment=Prod_southeastasia_prod-s01-065-apac-southeastasia;migrationStage=NotStarted}
{"logTime": "0313/041006", "correlationVector":"7hFEzpCdduVB585xwG+OO+","action":"Initial GetUpdates", "result":"", "context":Reason: NEWLY_SUPPORTED_DATATYPE. cV=7hFEzpCdduVB585xwG+OO+}
{"logTime": "0313/041007", "correlationVector":"7hFEzpCdduVB585xwG+OO+.1","action":"SyncServerConnectionManagerRequest", "result":"SYNC_SERVER_OK", "context":{"environment":"Prod_southeastasia_prod-s01-064-apac-southeastasia", "migrationStage":"NotStarted", "server":"akswtt00500003d"}}
{"logTime": "0313/041007", "correlationVector":"7hFEzpCdduVB585xwG+OO+.2","action":"ProcessGetUpdates", "result":"Done", "context":{"dataType":"Passwords", "deleted":"10", "process_failed_to_decrypt":"0", "process_pending_decryption":"0", "process_success":"130", "total":"130"}}
{"logTime": "0313/041007", "correlationVector":"7hFEzpCdduVB585xwG+OO+.3","action":"GetUpdates Response", "result":"Success", "context":Received 130 update(s). cV=7hFEzpCdduVB585xwG+OO+.0;server=akswtt00500003d;cloudType=Consumer;environment=Prod_southeastasia_prod-s01-064-apac-southeastasia;migrationStage=NotStarted}
{"logTime": "0313/041007", "correlationVector":"GfLwLng+jiVMAMiYVBgLpZ","action":"Normal GetUpdate request", "result":"", "context":cV=GfLwLng+jiVMAMiYVBgLpZ
Nudged types: Sessions, Device Info, History
Refresh requested types: Bookmarks, Preferences, Passwords, Autofill Profiles, Autofill, Extensions, Sessions, Extension settings, History Delete Directives, Device Info, User Consents, Send Tab To Self, Web Apps, History, Collection, Edge E Drop, Edge Hub App Usage, Edge Tab Group, Edge Wallet, Encryption Keys}
{"logTime": "0313/041008", "correlationVector":"GfLwLng+jiVMAMiYVBgLpZ.1","action":"SyncServerConnectionManagerRequest", "result":"SYNC_SERVER_OK", "context":{"environment":"Prod_southeastasia_prod-s01-064-apac-southeastasia", "migrationStage":"NotStarted", "server":"akswtt00500003d"}}
{"logTime": "0313/041008", "correlationVector":"GfLwLng+jiVMAMiYVBgLpZ.2","action":"ProcessGetUpdates", "result":"Done", "context":{"dataType":"Preferences", "deleted":"0", "process_failed_to_decrypt":"0", "process_pending_decryption":"0", "process_success":"1", "total":"1"}}
{"logTime": "0313/041008", "correlationVector":"GfLwLng+jiVMAMiYVBgLpZ.3","action":"ProcessGetUpdates", "result":"Done", "context":{"dataType":"Sessions", "deleted":"0", "process_failed_to_decrypt":"0", "process_pending_decryption":"0", "process_success":"3", "total":"3"}}
{"logTime": "0313/041008", "correlationVector":"GfLwLng+jiVMAMiYVBgLpZ.4","action":"ProcessGetUpdates", "result":"Done", "context":{"dataType":"Device Info", "deleted":"0", "process_failed_to_decrypt":"0", "process_pending_decryption":"0", "process_success":"2", "total":"2"}}
{"logTime": "0313/041008", "correlationVector":"GfLwLng+jiVMAMiYVBgLpZ.5","action":"ProcessGetUpdates", "result":"Done", "context":{"dataType":"History", "deleted":"0", "process_failed_to_decrypt":"0", "process_pending_decryption":"0", "process_success":"9", "total":"9"}}
{"logTime": "0313/041008", "correlationVector":"GfLwLng+jiVMAMiYVBgLpZ.6","action":"GetUpdates Response", "result":"Success", "context":Received 15 update(s). cV=GfLwLng+jiVMAMiYVBgLpZ.0;server=akswtt00500003d;cloudType=Consumer;environment=Prod_southeastasia_prod-s01-064-apac-southeastasia;migrationStage=NotStarted}
{"logTime": "0313/041008", "correlationVector":"qy52af3hex1vIOH55dS9jY","action":"Commit Request", "result":"", "context":Item count: 3
Contributing types: Sessions, History}
{"logTime": "0313/041009", "correlationVector":"qy52af3hex1vIOH55dS9jY.1","action":"SyncServerConnectionManagerRequest", "result":"SYNC_SERVER_OK", "context":{"environment":"Prod_southeastasia_prod-s01-064-apac-southeastasia", "migrationStage":"NotStarted", "server":"akswtt005000014"}}
{"logTime": "0313/041009", "correlationVector":"qy52af3hex1vIOH55dS9jY.2","action":"Commit Response", "result":"Success", "context":Result: Success. cV=qy52af3hex1vIOH55dS9jY.0;server=akswtt005000014;cloudType=Consumer;environment=Prod_southeastasia_prod-s01-064-apac-southeastasia;migrationStage=NotStarted}
{"logTime": "0313/042712", "correlationVector":"kvgkoHbQsxbUger6CmG4a0.1","action":"SyncServerConnectionManagerRequest", "result":"SYNC_SERVER_OK", "context":{"environment":"Prod_southeastasia_prod-s01-064-apac-southeastasia", "migrationStage":"NotStarted", "server":"akswtt00500002g"}}
{"logTime": "0313/042712", "correlationVector":"kvgkoHbQsxbUger6CmG4a0.2","action":"ProcessGetUpdates", "result":"Done", "context":{"dataType":"Encryption Keys", "deleted":"0", "process_failed_to_decrypt":"0", "process_pending_decryption":"0", "process_success":"1", "total":"1"}}
{"logTime": "0313/042713", "correlationVector":"MoNbbVAisELzJYeBZoDfEH","action":"SyncServerConnectionManagerRequest", "result":"SYNC_SERVER_OK", "context":{"environment":"", "migrationStage":"", "server":""}}
{"logTime": "0313/042713", "correlationVector":"MoNbbVAisELzJYeBZoDfEH.0","action":"EncryptionKeysFetcher.DownloadKeys:", "result":"Success", "context":Key count: 10, Last key timestamp: 2025-03-01T01:46:32Z}
{"logTime": "0313/042713", "correlationVector":"MoNbbVAisELzJYeBZoDfEH.1","action":"EncryptionKeysManager::SetEncryptionKeys:", "result":"Success", "context":Key names[10]:[chOMgGF8Y+vK6/TrmShcZGk1WWG361voua6YI19bHD2thNnus0pWiQcGbZW42vMZvoDeLCCoBrwyq1afgQEFAQ==][oTHD/8c56p3uElpGRmC7LZDnFGu5EAGdw1iMSR9X8NsqE2dLvjEM+ei0rlMe2LFGI7gJQMZ9W5kx70CrF+MaOQ==][LVjPW+3AGT3shXtsc9GHLQPnNgQ7MoiKHQUwAnvTU0e52DH+afBcoitV0ZhEFmUPdTUF5T+mWoHnNUZJ2sEWdg==][g1pn2YPFYUeXMezqv3MUYgeRbIhLAz79feq2MMGn+uUYY/qgU36VB4xk7sdQa3nzLsYqNFljkLh6kHiKIZDBzg==][0ukfdJRdc4u4en4kK44eXvywgFcbUztmORxDM9OsIaPzroJWonuQM4FOB7NaMckDaopYu9ai6vNXRlOYkQE8Cw==][rDQlZmSX9wAcbv2cqaO6pl9TIpDd3LM3FgsMB+CVR4yV1N6r0lyir58X/Ek/vDtQaS6ML5LX3iP6D/66HtYDcg==][I1NVuUzpk1pks+ktiVWjThNMamPATA/5ddikfNkecaES+5q8dbEGlr8piE+zcu7AfCAApcFyLbuxam2mnZnp8Q==][7dcWwC3iP/+3QaEB3ytVSoehv2Vq2PjUj9nMkRIoRMAj8/Q6f+wEZqmSD5hMRejyVCWqP6JeVQgh9/+d6XDZ2A==][gVUN75rQdsNxVeUo6VEFczT7+qtjsP3cMoZEcX356HENuKS8QtYXZywHn+R2VpGw6jdYVdmZuhKqwtxx8D/qBQ==][DbPSXnDEUUtKsD85Rg7y7PlBinbllr8L7B5ANtgVD4iJhU782yjwkYg9q0X2oIs2h3RaVyfGkT3rEpCgNCpfrg==]}
{"logTime": "0320/073657", "correlationVector":"wbxsNhvbkhWhXWeQFY0LyL.1","action":"SyncServerConnectionManagerRequest", "result":"SYNC_SERVER_OK", "context":{"environment":"Prod_southeastasia_prod-s01-065-apac-southeastasia", "migrationStage":"NotStarted", "server":"akswtt005000011"}}
{"logTime": "0320/073657", "correlationVector":"wbxsNhvbkhWhXWeQFY0LyL.2","action":"ProcessGetUpdates", "result":"Done", "context":{"dataType":"Encryption Keys", "deleted":"0", "process_failed_to_decrypt":"0", "process_pending_decryption":"0", "process_success":"1", "total":"1"}}
{"logTime": "0320/073658", "correlationVector":"GN/pEMzipQGttm5/3/xybs","action":"SyncServerConnectionManagerRequest", "result":"SYNC_SERVER_OK", "context":{"environment":"", "migrationStage":"", "server":""}}
{"logTime": "0320/073658", "correlationVector":"GN/pEMzipQGttm5/3/xybs.0","action":"EncryptionKeysFetcher.DownloadKeys:", "result":"Success", "context":Key count: 10, Last key timestamp: 2025-03-14T02:50:36Z}
{"logTime": "0320/073658", "correlationVector":"GN/pEMzipQGttm5/3/xybs.1","action":"EncryptionKeysManager::SetEncryptionKeys:", "result":"Success", "context":Key names[10]:[oTHD/8c56p3uElpGRmC7LZDnFGu5EAGdw1iMSR9X8NsqE2dLvjEM+ei0rlMe2LFGI7gJQMZ9W5kx70CrF+MaOQ==][LVjPW+3AGT3shXtsc9GHLQPnNgQ7MoiKHQUwAnvTU0e52DH+afBcoitV0ZhEFmUPdTUF5T+mWoHnNUZJ2sEWdg==][g1pn2YPFYUeXMezqv3MUYgeRbIhLAz79feq2MMGn+uUYY/qgU36VB4xk7sdQa3nzLsYqNFljkLh6kHiKIZDBzg==][0ukfdJRdc4u4en4kK44eXvywgFcbUztmORxDM9OsIaPzroJWonuQM4FOB7NaMckDaopYu9ai6vNXRlOYkQE8Cw==][rDQlZmSX9wAcbv2cqaO6pl9TIpDd3LM3FgsMB+CVR4yV1N6r0lyir58X/Ek/vDtQaS6ML5LX3iP6D/66HtYDcg==][I1NVuUzpk1pks+ktiVWjThNMamPATA/5ddikfNkecaES+5q8dbEGlr8piE+zcu7AfCAApcFyLbuxam2mnZnp8Q==][7dcWwC3iP/+3QaEB3ytVSoehv2Vq2PjUj9nMkRIoRMAj8/Q6f+wEZqmSD5hMRejyVCWqP6JeVQgh9/+d6XDZ2A==][gVUN75rQdsNxVeUo6VEFczT7+qtjsP3cMoZEcX356HENuKS8QtYXZywHn+R2VpGw6jdYVdmZuhKqwtxx8D/qBQ==][DbPSXnDEUUtKsD85Rg7y7PlBinbllr8L7B5ANtgVD4iJhU782yjwkYg9q0X2oIs2h3RaVyfGkT3rEpCgNCpfrg==][dGjtcoiw2RDxP2K97nK3TyY6LrUz3rDz1Sk2VHOW6l2skkvkYtTSA9Ip2ybo6oPUj3Xm+SWayaCveo78aDqY7w==]}
{"logTime": "0320/073658", "correlationVector":"GN/pEMzipQGttm5/3/xybs.2","action":"EncryptionKeysManager::SetEncryptionKeysWithTimestamps:", "result":"Success", "context":Key timestamps[10]:[2024-04-03T02:08:42Z][2024-04-12T08:55:54Z][2024-08-31T12:12:38Z][2024-10-08T06:45:52Z][2024-10-24T06:32:17Z][2024-10-29T13:32:31Z][2024-12-19T03:34:02Z][2024-12-27T15:33:03Z][2025-03-01T01:46:32Z][2025-03-14T02:50:36Z]}
{"logTime": "0320/073658", "correlationVector":"wbxsNhvbkhWhXWeQFY0LyL","action":"Initial GetUpdates", "result":"", "context":Reason: NEW_CLIENT. cV=wbxsNhvbkhWhXWeQFY0LyL}
{"logTime": "0320/073658", "correlationVector":"wbxsNhvbkhWhXWeQFY0LyL.3","action":"GetUpdates Response", "result":"Success", "context":Received 1 update(s). cV=wbxsNhvbkhWhXWeQFY0LyL.0;server=akswtt005000011;cloudType=Consumer;environment=Prod_southeastasia_prod-s01-065-apac-southeastasia;migrationStage=NotStarted}
{"logTime": "0320/073658", "correlationVector":"H6lFxa9QOgOtSnjH7pNw2l","action":"Initial GetUpdates", "result":"", "context":Reason: NEWLY_SUPPORTED_DATATYPE. cV=H6lFxa9QOgOtSnjH7pNw2l}
{"logTime": "0320/073659", "correlationVector":"H6lFxa9QOgOtSnjH7pNw2l.1","action":"SyncServerConnectionManagerRequest", "result":"SYNC_SERVER_OK", "context":{"environment":"Prod_southeastasia_prod-s01-064-apac-southeastasia", "migrationStage":"NotStarted", "server":"akswtt005000053"}}
{"logTime": "0320/073659", "correlationVector":"H6lFxa9QOgOtSnjH7pNw2l.2","action":"ProcessGetUpdates", "result":"Done", "context":{"dataType":"Passwords", "deleted":"10", "process_failed_to_decrypt":"0", "process_pending_decryption":"0", "process_success":"130", "total":"130"}}
{"logTime": "0320/073659", "correlationVector":"H6lFxa9QOgOtSnjH7pNw2l.3","action":"GetUpdates Response", "result":"Success", "context":Received 130 update(s). cV=H6lFxa9QOgOtSnjH7pNw2l.0;server=akswtt005000053;cloudType=Consumer;environment=Prod_southeastasia_prod-s01-064-apac-southeastasia;migrationStage=NotStarted}
{"logTime": "0320/073659", "correlationVector":"MR5lqZCvuRDedlcrVmU5mh","action":"Normal GetUpdate request", "result":"", "context":cV=MR5lqZCvuRDedlcrVmU5mh
Nudged types: Autofill, Sessions, Device Info, History
Refresh requested types: Bookmarks, Preferences, Passwords, Autofill Profiles, Autofill, Extensions, Sessions, Extension settings, History Delete Directives, Device Info, User Consents, Send Tab To Self, Web Apps, History, Collection, Edge E Drop, Edge Hub App Usage, Edge Tab Group, Edge Wallet, Encryption Keys}
{"logTime": "0320/073659", "correlationVector":"MR5lqZCvuRDedlcrVmU5mh.1","action":"SyncServerConnectionManagerRequest", "result":"SYNC_SERVER_OK", "context":{"environment":"Prod_southeastasia_prod-s01-064-apac-southeastasia", "migrationStage":"NotStarted", "server":"akswtt005000014"}}
{"logTime": "0320/073659", "correlationVector":"MR5lqZCvuRDedlcrVmU5mh.2","action":"ProcessGetUpdates", "result":"Done", "context":{"dataType":"Autofill", "deleted":"0", "process_failed_to_decrypt":"0", "process_pending_decryption":"0", "process_success":"40", "total":"40"}}
{"logTime": "0320/073659", "correlationVector":"MR5lqZCvuRDedlcrVmU5mh.3","action":"ProcessGetUpdates", "result":"Done", "context":{"dataType":"Sessions", "deleted":"2", "process_failed_to_decrypt":"0", "process_pending_decryption":"0", "process_success":"2", "total":"2"}}
{"logTime": "0320/073659", "correlationVector":"MR5lqZCvuRDedlcrVmU5mh.4","action":"ProcessGetUpdates", "result":"Done", "context":{"dataType":"Device Info", "deleted":"0", "process_failed_to_decrypt":"0", "process_pending_decryption":"0", "process_success":"1", "total":"1"}}
{"logTime": "0320/073659", "correlationVector":"MR5lqZCvuRDedlcrVmU5mh.5","action":"GetUpdates Response", "result":"Success", "context":Received 43 update(s). cV=MR5lqZCvuRDedlcrVmU5mh.0;server=akswtt005000014;cloudType=Consumer;environment=Prod_southeastasia_prod-s01-064-apac-southeastasia;migrationStage=NotStarted}
{"logTime": "0320/073659", "correlationVector":"H8XFLMifuQmkzcjl2GBPIi","action":"Commit Request", "result":"", "context":Item count: 40
Contributing types: Autofill, Device Info}
{"logTime": "0320/073702", "correlationVector":"H8XFLMifuQmkzcjl2GBPIi.1","action":"SyncServerConnectionManagerRequest", "result":"SYNC_SERVER_OK", "context":{"environment":"Prod_southeastasia_prod-s01-064-apac-southeastasia", "migrationStage":"NotStarted", "server":"akswtt00500003o"}}
{"logTime": "0320/073702", "correlationVector":"H8XFLMifuQmkzcjl2GBPIi.2","action":"Commit Response", "result":"Success", "context":Result: Success. cV=H8XFLMifuQmkzcjl2GBPIi.0;server=akswtt00500003o;cloudType=Consumer;environment=Prod_southeastasia_prod-s01-064-apac-southeastasia;migrationStage=NotStarted}
{"logTime": "0320/073702", "correlationVector":"ef0iUfnkibRjOu/iEj86Hn","action":"Commit Request", "result":"", "context":Item count: 39
Contributing types: Autofill, Sessions, History}
{"logTime": "0320/073702", "correlationVector":"ef0iUfnkibRjOu/iEj86Hn","action":"SyncServerConnectionManagerRequest", "result":"CONNECTION_UNAVAILABLE", "context":{"error_type":"net_error_code", "error_value":"-3"}}
{"logTime": "0320/073811", "correlationVector":"9/rkIe+iB+6R5hrbaLZUug.1","action":"SyncServerConnectionManagerRequest", "result":"SYNC_SERVER_OK", "context":{"environment":"Prod_southeastasia_prod-s01-065-apac-southeastasia", "migrationStage":"NotStarted", "server":"akswtt00500004c"}}
{"logTime": "0320/073811", "correlationVector":"9/rkIe+iB+6R5hrbaLZUug.2","action":"ProcessGetUpdates", "result":"Done", "context":{"dataType":"Encryption Keys", "deleted":"0", "process_failed_to_decrypt":"0", "process_pending_decryption":"0", "process_success":"1", "total":"1"}}
{"logTime": "0320/073812", "correlationVector":"mxEYQQWzahQhTKkkvybk1X","action":"SyncServerConnectionManagerRequest", "result":"SYNC_SERVER_OK", "context":{"environment":"", "migrationStage":"", "server":""}}
{"logTime": "0320/073812", "correlationVector":"mxEYQQWzahQhTKkkvybk1X.0","action":"EncryptionKeysFetcher.DownloadKeys:", "result":"Success", "context":Key count: 10, Last key timestamp: 2025-03-14T02:50:36Z}
{"logTime": "0320/073812", "correlationVector":"mxEYQQWzahQhTKkkvybk1X.1","action":"EncryptionKeysManager::SetEncryptionKeys:", "result":"Success", "context":Key names[10]:[oTHD/8c56p3uElpGRmC7LZDnFGu5EAGdw1iMSR9X8NsqE2dLvjEM+ei0rlMe2LFGI7gJQMZ9W5kx70CrF+MaOQ==][LVjPW+3AGT3shXtsc9GHLQPnNgQ7MoiKHQUwAnvTU0e52DH+afBcoitV0ZhEFmUPdTUF5T+mWoHnNUZJ2sEWdg==][g1pn2YPFYUeXMezqv3MUYgeRbIhLAz79feq2MMGn+uUYY/qgU36VB4xk7sdQa3nzLsYqNFljkLh6kHiKIZDBzg==][0ukfdJRdc4u4en4kK44eXvywgFcbUztmORxDM9OsIaPzroJWonuQM4FOB7NaMckDaopYu9ai6vNXRlOYkQE8Cw==][rDQlZmSX9wAcbv2cqaO6pl9TIpDd3LM3FgsMB+CVR4yV1N6r0lyir58X/Ek/vDtQaS6ML5LX3iP6D/66HtYDcg==][I1NVuUzpk1pks+ktiVWjThNMamPATA/5ddikfNkecaES+5q8dbEGlr8piE+zcu7AfCAApcFyLbuxam2mnZnp8Q==][7dcWwC3iP/+3QaEB3ytVSoehv2Vq2PjUj9nMkRIoRMAj8/Q6f+wEZqmSD5hMRejyVCWqP6JeVQgh9/+d6XDZ2A==][gVUN75rQdsNxVeUo6VEFczT7+qtjsP3cMoZEcX356HENuKS8QtYXZywHn+R2VpGw6jdYVdmZuhKqwtxx8D/qBQ==][DbPSXnDEUUtKsD85Rg7y7PlBinbllr8L7B5ANtgVD4iJhU782yjwkYg9q0X2oIs2h3RaVyfGkT3rEpCgNCpfrg==][dGjtcoiw2RDxP2K97nK3TyY6LrUz3rDz1Sk2VHOW6l2skkvkYtTSA9Ip2ybo6oPUj3Xm+SWayaCveo78aDqY7w==]}
{"logTime": "0320/073812", "correlationVector":"mxEYQQWzahQhTKkkvybk1X.2","action":"EncryptionKeysManager::SetEncryptionKeysWithTimestamps:", "result":"Success", "context":Key timestamps[10]:[2024-04-03T02:08:42Z][2024-04-12T08:55:54Z][2024-08-31T12:12:38Z][2024-10-08T06:45:52Z][2024-10-24T06:32:17Z][2024-10-29T13:32:31Z][2024-12-19T03:34:02Z][2024-12-27T15:33:03Z][2025-03-01T01:46:32Z][2025-03-14T02:50:36Z]}
{"logTime": "0320/073812", "correlationVector":"9/rkIe+iB+6R5hrbaLZUug","action":"Initial GetUpdates", "result":"", "context":Reason: NEW_CLIENT. cV=9/rkIe+iB+6R5hrbaLZUug}
{"logTime": "0320/073812", "correlationVector":"9/rkIe+iB+6R5hrbaLZUug.3","action":"GetUpdates Response", "result":"Success", "context":Received 1 update(s). cV=9/rkIe+iB+6R5hrbaLZUug.0;server=akswtt00500004c;cloudType=Consumer;environment=Prod_southeastasia_prod-s01-065-apac-southeastasia;migrationStage=NotStarted}
{"logTime": "0320/073812", "correlationVector":"TVwfoR0euBPfIetodk3Voy","action":"Initial GetUpdates", "result":"", "context":Reason: NEWLY_SUPPORTED_DATATYPE. cV=TVwfoR0euBPfIetodk3Voy}
{"logTime": "0320/073813", "correlationVector":"TVwfoR0euBPfIetodk3Voy.1","action":"SyncServerConnectionManagerRequest", "result":"SYNC_SERVER_OK", "context":{"environment":"Prod_southeastasia_prod-s01-064-apac-southeastasia", "migrationStage":"NotStarted", "server":"akswtt00500002u"}}
{"logTime": "0320/073813", "correlationVector":"TVwfoR0euBPfIetodk3Voy.2","action":"ProcessGetUpdates", "result":"Done", "context":{"dataType":"Passwords", "deleted":"10", "process_failed_to_decrypt":"0", "process_pending_decryption":"0", "process_success":"130", "total":"130"}}
{"logTime": "0320/073813", "correlationVector":"TVwfoR0euBPfIetodk3Voy.3","action":"GetUpdates Response", "result":"Success", "context":Received 130 update(s). cV=TVwfoR0euBPfIetodk3Voy.0;server=akswtt00500002u;cloudType=Consumer;environment=Prod_southeastasia_prod-s01-064-apac-southeastasia;migrationStage=NotStarted}
{"logTime": "0320/073813", "correlationVector":"N6wvZyv4/lXJIGn+VqgPO4","action":"Normal GetUpdate request", "result":"", "context":cV=N6wvZyv4/lXJIGn+VqgPO4
Nudged types: Autofill, Sessions, Device Info, History
Refresh requested types: Bookmarks, Preferences, Passwords, Autofill Profiles, Autofill, Extensions, Sessions, Extension settings, History Delete Directives, Device Info, User Consents, Send Tab To Self, Web Apps, History, Collection, Edge E Drop, Edge Hub App Usage, Edge Tab Group, Edge Wallet, Encryption Keys}
{"logTime": "0320/073814", "correlationVector":"N6wvZyv4/lXJIGn+VqgPO4.1","action":"SyncServerConnectionManagerRequest", "result":"SYNC_SERVER_OK", "context":{"environment":"Prod_southeastasia_prod-s01-065-apac-southeastasia", "migrationStage":"NotStarted", "server":"akswtt005000007"}}
{"logTime": "0320/073814", "correlationVector":"N6wvZyv4/lXJIGn+VqgPO4.2","action":"ProcessGetUpdates", "result":"Done", "context":{"dataType":"Autofill", "deleted":"0", "process_failed_to_decrypt":"0", "process_pending_decryption":"0", "process_success":"62", "total":"62"}}
{"logTime": "0320/073814", "correlationVector":"N6wvZyv4/lXJIGn+VqgPO4.3","action":"ProcessGetUpdates", "result":"Done", "context":{"dataType":"Sessions", "deleted":"0", "process_failed_to_decrypt":"0", "process_pending_decryption":"0", "process_success":"2", "total":"2"}}
{"logTime": "0320/073814", "correlationVector":"N6wvZyv4/lXJIGn+VqgPO4.4","action":"ProcessGetUpdates", "result":"Done", "context":{"dataType":"Device Info", "deleted":"0", "process_failed_to_decrypt":"0", "process_pending_decryption":"0", "process_success":"1", "total":"1"}}
{"logTime": "0320/073814", "correlationVector":"N6wvZyv4/lXJIGn+VqgPO4.5","action":"ProcessGetUpdates", "result":"Done", "context":{"dataType":"History", "deleted":"0", "process_failed_to_decrypt":"0", "process_pending_decryption":"0", "process_success":"14", "total":"14"}}
{"logTime": "0320/073814", "correlationVector":"N6wvZyv4/lXJIGn+VqgPO4.6","action":"GetUpdates Response", "result":"Success", "context":Received 79 update(s). cV=N6wvZyv4/lXJIGn+VqgPO4.0;server=akswtt005000007;cloudType=Consumer;environment=Prod_southeastasia_prod-s01-065-apac-southeastasia;migrationStage=NotStarted}
{"logTime": "0320/073814", "correlationVector":"UPt+l+ynGj6V28riEFsiaD","action":"Commit Request", "result":"", "context":Item count: 4
Contributing types: Sessions, Device Info, History}
{"logTime": "0320/073815", "correlationVector":"UPt+l+ynGj6V28riEFsiaD.1","action":"SyncServerConnectionManagerRequest", "result":"SYNC_SERVER_OK", "context":{"environment":"Prod_southeastasia_prod-s01-065-apac-southeastasia", "migrationStage":"NotStarted", "server":"akswtt00500000w"}}
{"logTime": "0320/073815", "correlationVector":"UPt+l+ynGj6V28riEFsiaD.2","action":"Commit Response", "result":"Success", "context":Result: Success. cV=UPt+l+ynGj6V28riEFsiaD.0;server=akswtt00500000w;cloudType=Consumer;environment=Prod_southeastasia_prod-s01-065-apac-southeastasia;migrationStage=NotStarted}
{"logTime": "0320/073815", "correlationVector":"7qQSGDObEaP3Pyzn5qoBw4","action":"Poll GetUpdate request", "result":"", "context":cV=7qQSGDObEaP3Pyzn5qoBw4}
{"logTime": "0320/073816", "correlationVector":"7qQSGDObEaP3Pyzn5qoBw4.1","action":"SyncServerConnectionManagerRequest", "result":"SYNC_SERVER_OK", "context":{"environment":"Prod_southeastasia_prod-s01-065-apac-southeastasia", "migrationStage":"NotStarted", "server":"akswtt00500000a"}}
{"logTime": "0320/073816", "correlationVector":"7qQSGDObEaP3Pyzn5qoBw4.2","action":"ProcessGetUpdates", "result":"Done", "context":{"dataType":"Sessions", "deleted":"0", "process_failed_to_decrypt":"0", "process_pending_decryption":"0", "process_success":"1", "total":"1"}}
{"logTime": "0320/073816", "correlationVector":"7qQSGDObEaP3Pyzn5qoBw4.3","action":"ProcessGetUpdates", "result":"Done", "context":{"dataType":"Device Info", "deleted":"0", "process_failed_to_decrypt":"0", "process_pending_decryption":"0", "process_success":"1", "total":"1"}}
{"logTime": "0320/073816", "correlationVector":"7qQSGDObEaP3Pyzn5qoBw4.4","action":"ProcessGetUpdates", "result":"Done", "context":{"dataType":"History", "deleted":"0", "process_failed_to_decrypt":"0", "process_pending_decryption":"0", "process_success":"2", "total":"2"}}
{"logTime": "0320/073816", "correlationVector":"7qQSGDObEaP3Pyzn5qoBw4.5","action":"GetUpdates Response", "result":"Success", "context":Received 4 update(s). cV=7qQSGDObEaP3Pyzn5qoBw4.0;server=akswtt00500000a;cloudType=Consumer;environment=Prod_southeastasia_prod-s01-065-apac-southeastasia;migrationStage=NotStarted}
{"logTime": "0320/073816", "correlationVector":"ytyaKbmHPuewdYfRt2zIsK","action":"DoCompareDataConsistency requsted types: ", "result":"Bookmarks, Preferences, Passwords, Extensions, Extension settings, History Delete Directives, Send Tab To Self, Web Apps, History, Collection, Edge E Drop, Edge Tab Group, Edge Wallet, Encryption Keys"}
{"logTime": "0320/073816", "correlationVector":"ytyaKbmHPuewdYfRt2zIsK.0","action":"CompareDataConsistency result: ", "result":"Compare result: Encryption Keys is consistent. local entities count is: 1 local entities hash is: RZ2JxnaWPYJnpG6aoBI9Lgne5Kw="}
{"logTime": "0320/073816", "correlationVector":"ytyaKbmHPuewdYfRt2zIsK.1","action":"CompareDataConsistency result: ", "result":"Compare result: Bookmarks is consistent. local entities count is: 115 local entities hash is: iKxW/n8qpZzBY1Z/0GYM7e1d/2w="}
{"logTime": "0320/073816", "correlationVector":"ytyaKbmHPuewdYfRt2zIsK.2","action":"CompareDataConsistency result: ", "result":"Compare result: Preferences is consistent. local entities count is: 106 local entities hash is: 1xqEwjdtAudY6ocaa6zmv60CR9E="}
{"logTime": "0320/073816", "correlationVector":"ytyaKbmHPuewdYfRt2zIsK.3","action":"CompareDataConsistency result: ", "result":"Compare result: Extensions is consistent. local entities count is: 30 local entities hash is: sydoasFRRqCo6V6PWqyAHlgDRag="}
{"logTime": "0320/073816", "correlationVector":"ytyaKbmHPuewdYfRt2zIsK.4","action":"CompareDataConsistency result: ", "result":"Compare result: Extension settings is consistent. local entities count is: 40 local entities hash is: fSQtuK7KdE70/tNvLVjuAab4nN0="}
{"logTime": "0320/073816", "correlationVector":"ytyaKbmHPuewdYfRt2zIsK.5","action":"CompareDataConsistency result: ", "result":"Compare result: History Delete Directives is consistent. local entities count is: 0 local entities hash is: "}
{"logTime": "0320/073816", "correlationVector":"ytyaKbmHPuewdYfRt2zIsK.6","action":"CompareDataConsistency result: ", "result":"Server did not send this Send Tab To Self local entities count is: 0 local entities hash is: "}
{"logTime": "0320/073816", "correlationVector":"ytyaKbmHPuewdYfRt2zIsK.7","action":"CompareDataConsistency result: ", "result":"Compare result: Web Apps is consistent. local entities count is: 0 local entities hash is: "}
{"logTime": "0320/073816", "correlationVector":"ytyaKbmHPuewdYfRt2zIsK.8","action":"CompareDataConsistency result: ", "result":"Server did not send this History local entities count is: 0 local entities hash is: "}
{"logTime": "0320/073816", "correlationVector":"ytyaKbmHPuewdYfRt2zIsK.9","action":"CompareDataConsistency result: ", "result":"Compare result: Collection is consistent. local entities count is: 0 local entities hash is: "}
{"logTime": "0320/073816", "correlationVector":"ytyaKbmHPuewdYfRt2zIsK.10","action":"CompareDataConsistency result: ", "result":"Compare result: Edge E Drop is consistent. local entities count is: 0 local entities hash is: "}
{"logTime": "0320/073816", "correlationVector":"ytyaKbmHPuewdYfRt2zIsK.11","action":"CompareDataConsistency result: ", "result":"Compare result: Edge Tab Group is consistent. local entities count is: 0 local entities hash is: "}
{"logTime": "0320/073816", "correlationVector":"ytyaKbmHPuewdYfRt2zIsK.12","action":"CompareDataConsistency result: ", "result":"Compare result: Edge Wallet is consistent. local entities count is: 0 local entities hash is: "}
{"logTime": "0320/073816", "correlationVector":"ytyaKbmHPuewdYfRt2zIsK.13","action":"CompareDataConsistency result: ", "result":"Compare result: Passwords is consistent. local entities count is: 120 local entities hash is: 9bqc6a6nLUsppXFKOLkqHGyceeI="}
{"logTime": "0320/073816", "correlationVector":"","action":"DIAGNOSTIC_REQUEST|v1/diagnosticData/Diagnostic.SendCheckResult()|SUCCESS", "result":""}
{"logTime": "0320/073819", "correlationVector":"MIOiaANlqRYruJU7wumVg0","action":"Commit Request", "result":"", "context":Item count: 1
Contributing types: Preferences}
{"logTime": "0320/073820", "correlationVector":"MIOiaANlqRYruJU7wumVg0.1","action":"SyncServerConnectionManagerRequest", "result":"SYNC_SERVER_OK", "context":{"environment":"Prod_southeastasia_prod-s01-065-apac-southeastasia", "migrationStage":"NotStarted", "server":"akswtt00500000v"}}
{"logTime": "0320/073820", "correlationVector":"MIOiaANlqRYruJU7wumVg0.2","action":"Commit Response", "result":"Success", "context":Result: Success. cV=MIOiaANlqRYruJU7wumVg0.0;server=akswtt00500000v;cloudType=Consumer;environment=Prod_southeastasia_prod-s01-065-apac-southeastasia;migrationStage=NotStarted}
{"logTime": "0320/073911", "correlationVector":"yUdZd8lhvPp6p+ZEayploa","action":"Commit Request", "result":"", "context":Item count: 1
Contributing types: Device Info}
{"logTime": "0320/073912", "correlationVector":"yUdZd8lhvPp6p+ZEayploa.1","action":"SyncServerConnectionManagerRequest", "result":"SYNC_SERVER_OK", "context":{"environment":"Prod_southeastasia_prod-s01-065-apac-southeastasia", "migrationStage":"NotStarted", "server":"akswtt00500000v"}}
{"logTime": "0320/073912", "correlationVector":"yUdZd8lhvPp6p+ZEayploa.2","action":"Commit Response", "result":"Success", "context":Result: Success. cV=yUdZd8lhvPp6p+ZEayploa.0;server=akswtt00500000v;cloudType=Consumer;environment=Prod_southeastasia_prod-s01-065-apac-southeastasia;migrationStage=NotStarted}
{"logTime": "0320/074455", "correlationVector":"dJnLcWUaM5KverwO85qD75.1","action":"SyncServerConnectionManagerRequest", "result":"SYNC_SERVER_OK", "context":{"environment":"Prod_southeastasia_prod-s01-065-apac-southeastasia", "migrationStage":"NotStarted", "server":"akswtt00500001t"}}
{"logTime": "0320/074455", "correlationVector":"dJnLcWUaM5KverwO85qD75.2","action":"ProcessGetUpdates", "result":"Done", "context":{"dataType":"Encryption Keys", "deleted":"0", "process_failed_to_decrypt":"0", "process_pending_decryption":"0", "process_success":"1", "total":"1"}}
{"logTime": "0320/074455", "correlationVector":"h9pIZR/R+Kw54RWHdgh0qX","action":"SyncServerConnectionManagerRequest", "result":"SYNC_SERVER_OK", "context":{"environment":"", "migrationStage":"", "server":""}}
{"logTime": "0320/074455", "correlationVector":"h9pIZR/R+Kw54RWHdgh0qX.0","action":"EncryptionKeysFetcher.DownloadKeys:", "result":"Success", "context":Key count: 10, Last key timestamp: 2025-03-14T02:50:36Z}
{"logTime": "0320/074455", "correlationVector":"h9pIZR/R+Kw54RWHdgh0qX.1","action":"EncryptionKeysManager::SetEncryptionKeys:", "result":"Success", "context":Key names[10]:[oTHD/8c56p3uElpGRmC7LZDnFGu5EAGdw1iMSR9X8NsqE2dLvjEM+ei0rlMe2LFGI7gJQMZ9W5kx70CrF+MaOQ==][LVjPW+3AGT3shXtsc9GHLQPnNgQ7MoiKHQUwAnvTU0e52DH+afBcoitV0ZhEFmUPdTUF5T+mWoHnNUZJ2sEWdg==][g1pn2YPFYUeXMezqv3MUYgeRbIhLAz79feq2MMGn+uUYY/qgU36VB4xk7sdQa3nzLsYqNFljkLh6kHiKIZDBzg==][0ukfdJRdc4u4en4kK44eXvywgFcbUztmORxDM9OsIaPzroJWonuQM4FOB7NaMckDaopYu9ai6vNXRlOYkQE8Cw==][rDQlZmSX9wAcbv2cqaO6pl9TIpDd3LM3FgsMB+CVR4yV1N6r0lyir58X/Ek/vDtQaS6ML5LX3iP6D/66HtYDcg==][I1NVuUzpk1pks+ktiVWjThNMamPATA/5ddikfNkecaES+5q8dbEGlr8piE+zcu7AfCAApcFyLbuxam2mnZnp8Q==][7dcWwC3iP/+3QaEB3ytVSoehv2Vq2PjUj9nMkRIoRMAj8/Q6f+wEZqmSD5hMRejyVCWqP6JeVQgh9/+d6XDZ2A==][gVUN75rQdsNxVeUo6VEFczT7+qtjsP3cMoZEcX356HENuKS8QtYXZywHn+R2VpGw6jdYVdmZuhKqwtxx8D/qBQ==][DbPSXnDEUUtKsD85Rg7y7PlBinbllr8L7B5ANtgVD4iJhU782yjwkYg9q0X2oIs2h3RaVyfGkT3rEpCgNCpfrg==][dGjtcoiw2RDxP2K97nK3TyY6LrUz3rDz1Sk2VHOW6l2skkvkYtTSA9Ip2ybo6oPUj3Xm+SWayaCveo78aDqY7w==]}
{"logTime": "0320/074455", "correlationVector":"h9pIZR/R+Kw54RWHdgh0qX.2","action":"EncryptionKeysManager::SetEncryptionKeysWithTimestamps:", "result":"Success", "context":Key timestamps[10]:[2024-04-03T02:08:42Z][2024-04-12T08:55:54Z][2024-08-31T12:12:38Z][2024-10-08T06:45:52Z][2024-10-24T06:32:17Z][2024-10-29T13:32:31Z][2024-12-19T03:34:02Z][2024-12-27T15:33:03Z][2025-03-01T01:46:32Z][2025-03-14T02:50:36Z]}
{"logTime": "0320/074455", "correlationVector":"dJnLcWUaM5KverwO85qD75","action":"Initial GetUpdates", "result":"", "context":Reason: NEW_CLIENT. cV=dJnLcWUaM5KverwO85qD75}
{"logTime": "0320/074455", "correlationVector":"dJnLcWUaM5KverwO85qD75.3","action":"GetUpdates Response", "result":"Success", "context":Received 1 update(s). cV=dJnLcWUaM5KverwO85qD75.0;server=akswtt00500001t;cloudType=Consumer;environment=Prod_southeastasia_prod-s01-065-apac-southeastasia;migrationStage=NotStarted}
{"logTime": "0320/074455", "correlationVector":"8vSBiFWdv1n3Emf9o0D5hK","action":"Initial GetUpdates", "result":"", "context":Reason: NEWLY_SUPPORTED_DATATYPE. cV=8vSBiFWdv1n3Emf9o0D5hK}
{"logTime": "0320/074456", "correlationVector":"8vSBiFWdv1n3Emf9o0D5hK.1","action":"SyncServerConnectionManagerRequest", "result":"SYNC_SERVER_OK", "context":{"environment":"Prod_southeastasia_prod-s01-065-apac-southeastasia", "migrationStage":"NotStarted", "server":"akswtt00500002w"}}
{"logTime": "0320/074456", "correlationVector":"8vSBiFWdv1n3Emf9o0D5hK.2","action":"ProcessGetUpdates", "result":"Done", "context":{"dataType":"Passwords", "deleted":"10", "process_failed_to_decrypt":"0", "process_pending_decryption":"0", "process_success":"130", "total":"130"}}
{"logTime": "0320/074456", "correlationVector":"8vSBiFWdv1n3Emf9o0D5hK.3","action":"GetUpdates Response", "result":"Success", "context":Received 130 update(s). cV=8vSBiFWdv1n3Emf9o0D5hK.0;server=akswtt00500002w;cloudType=Consumer;environment=Prod_southeastasia_prod-s01-065-apac-southeastasia;migrationStage=NotStarted}
{"logTime": "0320/074456", "correlationVector":"HqrZ+IsiyzYw17RZM0MdrI","action":"Normal GetUpdate request", "result":"", "context":cV=HqrZ+IsiyzYw17RZM0MdrI
Nudged types: Sessions, Device Info, History
Refresh requested types: Bookmarks, Preferences, Passwords, Autofill Profiles, Autofill, Extensions, Sessions, Extension settings, History Delete Directives, Device Info, User Consents, Send Tab To Self, Web Apps, History, Collection, Edge E Drop, Edge Hub App Usage, Edge Tab Group, Edge Wallet, Encryption Keys}
{"logTime": "0320/074456", "correlationVector":"HqrZ+IsiyzYw17RZM0MdrI.1","action":"SyncServerConnectionManagerRequest", "result":"SYNC_SERVER_OK", "context":{"environment":"Prod_southeastasia_prod-s01-065-apac-southeastasia", "migrationStage":"NotStarted", "server":"akswtt00500001e"}}
{"logTime": "0320/074456", "correlationVector":"HqrZ+IsiyzYw17RZM0MdrI.2","action":"ProcessGetUpdates", "result":"Done", "context":{"dataType":"Preferences", "deleted":"0", "process_failed_to_decrypt":"0", "process_pending_decryption":"0", "process_success":"1", "total":"1"}}
{"logTime": "0320/074456", "correlationVector":"HqrZ+IsiyzYw17RZM0MdrI.3","action":"ProcessGetUpdates", "result":"Done", "context":{"dataType":"Device Info", "deleted":"0", "process_failed_to_decrypt":"0", "process_pending_decryption":"0", "process_success":"1", "total":"1"}}
{"logTime": "0320/074456", "correlationVector":"HqrZ+IsiyzYw17RZM0MdrI.4","action":"GetUpdates Response", "result":"Success", "context":Received 2 update(s). cV=HqrZ+IsiyzYw17RZM0MdrI.0;server=akswtt00500001e;cloudType=Consumer;environment=Prod_southeastasia_prod-s01-065-apac-southeastasia;migrationStage=NotStarted}
{"logTime": "0320/074456", "correlationVector":"V9GfBkk2I4HBeR8B3r0IS5","action":"Commit Request", "result":"", "context":Item count: 6
Contributing types: Sessions, Device Info, History}
{"logTime": "0320/074457", "correlationVector":"V9GfBkk2I4HBeR8B3r0IS5.1","action":"SyncServerConnectionManagerRequest", "result":"SYNC_SERVER_OK", "context":{"environment":"Prod_southeastasia_prod-s01-065-apac-southeastasia", "migrationStage":"NotStarted", "server":"akswtt00500002u"}}
{"logTime": "0320/074457", "correlationVector":"V9GfBkk2I4HBeR8B3r0IS5.2","action":"Commit Response", "result":"Success", "context":Result: Success. cV=V9GfBkk2I4HBeR8B3r0IS5.0;server=akswtt00500002u;cloudType=Consumer;environment=Prod_southeastasia_prod-s01-065-apac-southeastasia;migrationStage=NotStarted}
{"logTime": "0320/074502", "correlationVector":"yCdm9P4y4NwmfYgmTW96CG","action":"Commit Request", "result":"", "context":Item count: 1
Contributing types: Preferences}
{"logTime": "0320/074503", "correlationVector":"yCdm9P4y4NwmfYgmTW96CG.1","action":"SyncServerConnectionManagerRequest", "result":"SYNC_SERVER_OK", "context":{"environment":"Prod_southeastasia_prod-s01-064-apac-southeastasia", "migrationStage":"NotStarted", "server":"akswtt005000055"}}
{"logTime": "0320/074503", "correlationVector":"yCdm9P4y4NwmfYgmTW96CG.2","action":"Commit Response", "result":"Success", "context":Result: Success. cV=yCdm9P4y4NwmfYgmTW96CG.0;server=akswtt005000055;cloudType=Consumer;environment=Prod_southeastasia_prod-s01-064-apac-southeastasia;migrationStage=NotStarted}
